<?xml version="1.0" encoding="UTF-8"?>
<testsuite name="pl.zajavka.project_manager.infrastructure.repository.jpa.UserJpaRepositoryTest" tests="3" skipped="0" failures="0" errors="0" timestamp="2023-08-21T20:07:10" hostname="zbyszko" time="6.553">
  <properties/>
  <testcase name="updateUser()" classname="pl.zajavka.project_manager.infrastructure.repository.jpa.UserJpaRepositoryTest" time="0.6"/>
  <testcase name="usersSaveCorrectly()" classname="pl.zajavka.project_manager.infrastructure.repository.jpa.UserJpaRepositoryTest" time="0.536"/>
  <testcase name="deleteUser()" classname="pl.zajavka.project_manager.infrastructure.repository.jpa.UserJpaRepositoryTest" time="0.621"/>
  <system-out><![CDATA[[Test worker] INFO  o.s.t.c.s.AnnotationConfigContextLoaderUtils - Could not detect default configuration classes for test class [pl.zajavka.project_manager.infrastructure.repository.jpa.UserJpaRepositoryTest]: UserJpaRepositoryTest does not declare any static, non-private, non-final, nested classes annotated with @Configuration.
[Test worker] INFO  o.s.b.t.c.SpringBootTestContextBootstrapper - Found @SpringBootConfiguration pl.zajavka.project_manager.ProjectManagerApiApplication for test class pl.zajavka.project_manager.infrastructure.repository.jpa.UserJpaRepositoryTest

  .   ____          _            __ _ _
 /\\ / ___'_ __ _ _(_)_ __  __ _ \ \ \ \
( ( )\___ | '_ | '_| | '_ \/ _` | \ \ \ \
 \\/  ___)| |_)| | | | | || (_| |  ) ) ) )
  '  |____| .__|_| |_|_| |_\__, | / / / /
 =========|_|==============|___/=/_/_/_/
 :: Spring Boot ::                (v3.1.2)

[Test worker] INFO  p.z.p.i.r.jpa.UserJpaRepositoryTest - Starting UserJpaRepositoryTest using Java 17.0.8 with PID 146590 (started by alien125 in /home/alien125/java_projects/project_manager)
[Test worker] INFO  p.z.p.i.r.jpa.UserJpaRepositoryTest - No active profile set, falling back to 1 default profile: "default"
[Test worker] INFO  o.s.d.r.c.RepositoryConfigurationDelegate - Bootstrapping Spring Data JPA repositories in DEFAULT mode.
[Test worker] INFO  o.s.d.r.c.RepositoryConfigurationDelegate - Finished Spring Data repository scanning in 9 ms. Found 3 JPA repository interfaces.
[Test worker] INFO  ]]>&#x1f433;<![CDATA[ [postgres:15.0] - Creating container for image: postgres:15.0
[Test worker] INFO  ]]>&#x1f433;<![CDATA[ [postgres:15.0] - Container postgres:15.0 is starting: 5d68454c9b2a4d09977a09945c75d5306a50f1932438cbd88b6ce84e1f7b92a2
[Test worker] INFO  ]]>&#x1f433;<![CDATA[ [postgres:15.0] - Container postgres:15.0 started in PT2.056961149S
[Test worker] INFO  com.zaxxer.hikari.HikariDataSource - HikariPool-8 - Starting...
[Test worker] INFO  com.zaxxer.hikari.pool.HikariPool - HikariPool-8 - Added connection org.postgresql.jdbc.PgConnection@6f55a3e3
[Test worker] INFO  com.zaxxer.hikari.HikariDataSource - HikariPool-8 - Start completed.
[Test worker] INFO  o.f.c.i.d.base.BaseDatabaseType - Database: jdbc:postgresql://localhost:33054/test (PostgreSQL 15.0)
[Test worker] INFO  o.f.c.i.s.JdbcTableSchemaHistory - Schema history table "public"."flyway_schema_history" does not exist yet
[Test worker] INFO  o.f.core.internal.command.DbValidate - Successfully validated 0 migrations (execution time 00:00.001s)
[Test worker] WARN  o.f.core.internal.command.DbValidate - No migrations found. Are your locations set up correctly?
[Test worker] INFO  o.f.c.i.s.JdbcTableSchemaHistory - Creating Schema History table "public"."flyway_schema_history" ...
[Test worker] INFO  o.f.core.internal.command.DbMigrate - Current version of schema "public": << Empty Schema >>
[Test worker] INFO  o.f.core.internal.command.DbMigrate - Schema "public" is up to date. No migration necessary.
[Test worker] INFO  o.h.jpa.internal.util.LogHelper - HHH000204: Processing PersistenceUnitInfo [name: default]
[Test worker] INFO  o.h.b.i.BytecodeProviderInitiator - HHH000021: Bytecode provider name : bytebuddy
[Test worker] INFO  o.s.o.j.p.SpringPersistenceUnitInfo - No LoadTimeWeaver setup: ignoring JPA class transformer
[Test worker] INFO  o.h.b.i.BytecodeProviderInitiator - HHH000021: Bytecode provider name : bytebuddy
[Test worker] INFO  o.h.e.t.j.p.i.JtaPlatformInitiator - HHH000490: Using JtaPlatform implementation: [org.hibernate.engine.transaction.jta.platform.internal.NoJtaPlatform]
Hibernate: create table project_comments (id serial not null, comment varchar(255), timestamp integer, user_id integer, project_id integer, primary key (id))
Hibernate: create table project_users (project_id integer not null, user_id integer not null)
Hibernate: create table projects (id serial not null, description varchar(255), ebd_date integer, name varchar(255), start_date integer, user_id integer, primary key (id))
Hibernate: create table users (id serial not null, age integer not null, email varchar(255) not null, gender varchar(255), first_name varchar(255) not null, password varchar(255) not null, phone_number varchar(255) not null, is_super boolean not null, last_name varchar(255) not null, primary key (id))
Hibernate: alter table if exists users drop constraint if exists UK_6dotkott2kjsp8vw4d0m25fb7
[Test worker] WARN  o.h.e.jdbc.spi.SqlExceptionHelper - SQL Warning Code: 0, SQLState: 00000
[Test worker] WARN  o.h.e.jdbc.spi.SqlExceptionHelper - constraint "uk_6dotkott2kjsp8vw4d0m25fb7" of relation "users" does not exist, skipping
Hibernate: alter table if exists users add constraint UK_6dotkott2kjsp8vw4d0m25fb7 unique (email)
Hibernate: alter table if exists project_comments add constraint FKhfovv2g0k4e98sp5g8mqwg9pg foreign key (user_id) references users
Hibernate: alter table if exists project_comments add constraint FKfsk4ll3g13rwc631iwek1vmj5 foreign key (project_id) references projects
Hibernate: alter table if exists project_users add constraint FK8w55cu3qmg4yo0vy0b8e3ivk4 foreign key (user_id) references users
Hibernate: alter table if exists project_users add constraint FKn2d9w5xxgord5j4k2963p8o1g foreign key (project_id) references projects
Hibernate: alter table if exists projects add constraint FKhswfwa3ga88vxv1pmboss6jhm foreign key (user_id) references users
[Test worker] INFO  o.s.o.j.LocalContainerEntityManagerFactoryBean - Initialized JPA EntityManagerFactory for persistence unit 'default'
[Test worker] INFO  p.z.p.i.r.jpa.UserJpaRepositoryTest - Started UserJpaRepositoryTest in 2.348 seconds (process running for 35.517)
Hibernate: select u1_0.id,u1_0.age,u1_0.email,u1_0.gender,u1_0.first_name,u1_0.password,u1_0.phone_number,u1_0.is_super,u1_0.last_name from users u1_0 where u1_0.id=?
Hibernate: insert into users (age,email,gender,first_name,password,phone_number,is_super,last_name) values (?,?,?,?,?,?,?,?)
Hibernate: update users set age=?,email=?,gender=?,first_name=?,password=?,phone_number=?,is_super=?,last_name=? where id=?
[Test worker] INFO  o.s.o.j.LocalContainerEntityManagerFactoryBean - Closing JPA EntityManagerFactory for persistence unit 'default'
[Test worker] INFO  com.zaxxer.hikari.HikariDataSource - HikariPool-8 - Shutdown initiated...
[Test worker] INFO  com.zaxxer.hikari.HikariDataSource - HikariPool-8 - Shutdown completed.

  .   ____          _            __ _ _
 /\\ / ___'_ __ _ _(_)_ __  __ _ \ \ \ \
( ( )\___ | '_ | '_| | '_ \/ _` | \ \ \ \
 \\/  ___)| |_)| | | | | || (_| |  ) ) ) )
  '  |____| .__|_| |_|_| |_\__, | / / / /
 =========|_|==============|___/=/_/_/_/
 :: Spring Boot ::                (v3.1.2)

[Test worker] INFO  p.z.p.i.r.jpa.UserJpaRepositoryTest - Starting UserJpaRepositoryTest using Java 17.0.8 with PID 146590 (started by alien125 in /home/alien125/java_projects/project_manager)
[Test worker] INFO  p.z.p.i.r.jpa.UserJpaRepositoryTest - No active profile set, falling back to 1 default profile: "default"
[Test worker] INFO  o.s.d.r.c.RepositoryConfigurationDelegate - Bootstrapping Spring Data JPA repositories in DEFAULT mode.
[Test worker] INFO  o.s.d.r.c.RepositoryConfigurationDelegate - Finished Spring Data repository scanning in 8 ms. Found 3 JPA repository interfaces.
[Test worker] INFO  ]]>&#x1f433;<![CDATA[ [postgres:15.0] - Creating container for image: postgres:15.0
[Test worker] INFO  ]]>&#x1f433;<![CDATA[ [postgres:15.0] - Container postgres:15.0 is starting: 272e7b8b129e1b2884202114365ec20142082314cd9bec3ad09d922a21116c6b
[Test worker] INFO  ]]>&#x1f433;<![CDATA[ [postgres:15.0] - Container postgres:15.0 started in PT1.836241244S
[Test worker] INFO  com.zaxxer.hikari.HikariDataSource - HikariPool-9 - Starting...
[Test worker] INFO  com.zaxxer.hikari.pool.HikariPool - HikariPool-9 - Added connection org.postgresql.jdbc.PgConnection@4c8ad614
[Test worker] INFO  com.zaxxer.hikari.HikariDataSource - HikariPool-9 - Start completed.
[Test worker] INFO  o.f.c.i.d.base.BaseDatabaseType - Database: jdbc:postgresql://localhost:33055/test (PostgreSQL 15.0)
[Test worker] INFO  o.f.c.i.s.JdbcTableSchemaHistory - Schema history table "public"."flyway_schema_history" does not exist yet
[Test worker] INFO  o.f.core.internal.command.DbValidate - Successfully validated 0 migrations (execution time 00:00.002s)
[Test worker] WARN  o.f.core.internal.command.DbValidate - No migrations found. Are your locations set up correctly?
[Test worker] INFO  o.f.c.i.s.JdbcTableSchemaHistory - Creating Schema History table "public"."flyway_schema_history" ...
[Test worker] INFO  o.f.core.internal.command.DbMigrate - Current version of schema "public": << Empty Schema >>
[Test worker] INFO  o.f.core.internal.command.DbMigrate - Schema "public" is up to date. No migration necessary.
[Test worker] INFO  o.h.jpa.internal.util.LogHelper - HHH000204: Processing PersistenceUnitInfo [name: default]
[Test worker] INFO  o.h.b.i.BytecodeProviderInitiator - HHH000021: Bytecode provider name : bytebuddy
[Test worker] INFO  o.s.o.j.p.SpringPersistenceUnitInfo - No LoadTimeWeaver setup: ignoring JPA class transformer
[Test worker] INFO  o.h.b.i.BytecodeProviderInitiator - HHH000021: Bytecode provider name : bytebuddy
[Test worker] INFO  o.h.e.t.j.p.i.JtaPlatformInitiator - HHH000490: Using JtaPlatform implementation: [org.hibernate.engine.transaction.jta.platform.internal.NoJtaPlatform]
Hibernate: create table project_comments (id serial not null, comment varchar(255), timestamp integer, user_id integer, project_id integer, primary key (id))
Hibernate: create table project_users (project_id integer not null, user_id integer not null)
Hibernate: create table projects (id serial not null, description varchar(255), ebd_date integer, name varchar(255), start_date integer, user_id integer, primary key (id))
Hibernate: create table users (id serial not null, age integer not null, email varchar(255) not null, gender varchar(255), first_name varchar(255) not null, password varchar(255) not null, phone_number varchar(255) not null, is_super boolean not null, last_name varchar(255) not null, primary key (id))
Hibernate: alter table if exists users drop constraint if exists UK_6dotkott2kjsp8vw4d0m25fb7
[Test worker] WARN  o.h.e.jdbc.spi.SqlExceptionHelper - SQL Warning Code: 0, SQLState: 00000
[Test worker] WARN  o.h.e.jdbc.spi.SqlExceptionHelper - constraint "uk_6dotkott2kjsp8vw4d0m25fb7" of relation "users" does not exist, skipping
Hibernate: alter table if exists users add constraint UK_6dotkott2kjsp8vw4d0m25fb7 unique (email)
Hibernate: alter table if exists project_comments add constraint FKhfovv2g0k4e98sp5g8mqwg9pg foreign key (user_id) references users
Hibernate: alter table if exists project_comments add constraint FKfsk4ll3g13rwc631iwek1vmj5 foreign key (project_id) references projects
Hibernate: alter table if exists project_users add constraint FK8w55cu3qmg4yo0vy0b8e3ivk4 foreign key (user_id) references users
Hibernate: alter table if exists project_users add constraint FKn2d9w5xxgord5j4k2963p8o1g foreign key (project_id) references projects
Hibernate: alter table if exists projects add constraint FKhswfwa3ga88vxv1pmboss6jhm foreign key (user_id) references users
[Test worker] INFO  o.s.o.j.LocalContainerEntityManagerFactoryBean - Initialized JPA EntityManagerFactory for persistence unit 'default'
[Test worker] INFO  p.z.p.i.r.jpa.UserJpaRepositoryTest - Started UserJpaRepositoryTest in 2.172 seconds (process running for 38.293)
Hibernate: select u1_0.id,u1_0.age,u1_0.email,u1_0.gender,u1_0.first_name,u1_0.password,u1_0.phone_number,u1_0.is_super,u1_0.last_name from users u1_0 where u1_0.id=?
Hibernate: insert into users (age,email,gender,first_name,password,phone_number,is_super,last_name) values (?,?,?,?,?,?,?,?)
Hibernate: select u1_0.id,u1_0.age,u1_0.email,u1_0.gender,u1_0.first_name,u1_0.password,u1_0.phone_number,u1_0.is_super,u1_0.last_name from users u1_0 where u1_0.id=?
Hibernate: insert into users (age,email,gender,first_name,password,phone_number,is_super,last_name) values (?,?,?,?,?,?,?,?)
Hibernate: select u1_0.id,u1_0.age,u1_0.email,u1_0.gender,u1_0.first_name,u1_0.password,u1_0.phone_number,u1_0.is_super,u1_0.last_name from users u1_0 where u1_0.id=?
Hibernate: insert into users (age,email,gender,first_name,password,phone_number,is_super,last_name) values (?,?,?,?,?,?,?,?)
Hibernate: select u1_0.id,u1_0.age,u1_0.email,u1_0.gender,u1_0.first_name,u1_0.password,u1_0.phone_number,u1_0.is_super,u1_0.last_name from users u1_0
[Test worker] INFO  o.s.o.j.LocalContainerEntityManagerFactoryBean - Closing JPA EntityManagerFactory for persistence unit 'default'
[Test worker] INFO  com.zaxxer.hikari.HikariDataSource - HikariPool-9 - Shutdown initiated...
[Test worker] INFO  com.zaxxer.hikari.HikariDataSource - HikariPool-9 - Shutdown completed.

  .   ____          _            __ _ _
 /\\ / ___'_ __ _ _(_)_ __  __ _ \ \ \ \
( ( )\___ | '_ | '_| | '_ \/ _` | \ \ \ \
 \\/  ___)| |_)| | | | | || (_| |  ) ) ) )
  '  |____| .__|_| |_|_| |_\__, | / / / /
 =========|_|==============|___/=/_/_/_/
 :: Spring Boot ::                (v3.1.2)

[Test worker] INFO  p.z.p.i.r.jpa.UserJpaRepositoryTest - Starting UserJpaRepositoryTest using Java 17.0.8 with PID 146590 (started by alien125 in /home/alien125/java_projects/project_manager)
[Test worker] INFO  p.z.p.i.r.jpa.UserJpaRepositoryTest - No active profile set, falling back to 1 default profile: "default"
[Test worker] INFO  o.s.d.r.c.RepositoryConfigurationDelegate - Bootstrapping Spring Data JPA repositories in DEFAULT mode.
[Test worker] INFO  o.s.d.r.c.RepositoryConfigurationDelegate - Finished Spring Data repository scanning in 9 ms. Found 3 JPA repository interfaces.
[Test worker] INFO  ]]>&#x1f433;<![CDATA[ [postgres:15.0] - Creating container for image: postgres:15.0
[Test worker] INFO  ]]>&#x1f433;<![CDATA[ [postgres:15.0] - Container postgres:15.0 is starting: b32615c784b56511698d323cbcaaa147a6d1c8f4e1d0af6a466897124c53331a
[Test worker] INFO  ]]>&#x1f433;<![CDATA[ [postgres:15.0] - Container postgres:15.0 started in PT2.33721249S
[Test worker] INFO  com.zaxxer.hikari.HikariDataSource - HikariPool-10 - Starting...
[Test worker] INFO  com.zaxxer.hikari.pool.HikariPool - HikariPool-10 - Added connection org.postgresql.jdbc.PgConnection@7831cf5c
[Test worker] INFO  com.zaxxer.hikari.HikariDataSource - HikariPool-10 - Start completed.
[Test worker] INFO  o.f.c.i.d.base.BaseDatabaseType - Database: jdbc:postgresql://localhost:33056/test (PostgreSQL 15.0)
[Test worker] INFO  o.f.c.i.s.JdbcTableSchemaHistory - Schema history table "public"."flyway_schema_history" does not exist yet
[Test worker] INFO  o.f.core.internal.command.DbValidate - Successfully validated 0 migrations (execution time 00:00.001s)
[Test worker] WARN  o.f.core.internal.command.DbValidate - No migrations found. Are your locations set up correctly?
[Test worker] INFO  o.f.c.i.s.JdbcTableSchemaHistory - Creating Schema History table "public"."flyway_schema_history" ...
[Test worker] INFO  o.f.core.internal.command.DbMigrate - Current version of schema "public": << Empty Schema >>
[Test worker] INFO  o.f.core.internal.command.DbMigrate - Schema "public" is up to date. No migration necessary.
[Test worker] INFO  o.h.jpa.internal.util.LogHelper - HHH000204: Processing PersistenceUnitInfo [name: default]
[Test worker] INFO  o.h.b.i.BytecodeProviderInitiator - HHH000021: Bytecode provider name : bytebuddy
[Test worker] INFO  o.s.o.j.p.SpringPersistenceUnitInfo - No LoadTimeWeaver setup: ignoring JPA class transformer
[Test worker] INFO  o.h.b.i.BytecodeProviderInitiator - HHH000021: Bytecode provider name : bytebuddy
[Test worker] INFO  o.h.e.t.j.p.i.JtaPlatformInitiator - HHH000490: Using JtaPlatform implementation: [org.hibernate.engine.transaction.jta.platform.internal.NoJtaPlatform]
Hibernate: create table project_comments (id serial not null, comment varchar(255), timestamp integer, user_id integer, project_id integer, primary key (id))
Hibernate: create table project_users (project_id integer not null, user_id integer not null)
Hibernate: create table projects (id serial not null, description varchar(255), ebd_date integer, name varchar(255), start_date integer, user_id integer, primary key (id))
Hibernate: create table users (id serial not null, age integer not null, email varchar(255) not null, gender varchar(255), first_name varchar(255) not null, password varchar(255) not null, phone_number varchar(255) not null, is_super boolean not null, last_name varchar(255) not null, primary key (id))
Hibernate: alter table if exists users drop constraint if exists UK_6dotkott2kjsp8vw4d0m25fb7
[Test worker] WARN  o.h.e.jdbc.spi.SqlExceptionHelper - SQL Warning Code: 0, SQLState: 00000
[Test worker] WARN  o.h.e.jdbc.spi.SqlExceptionHelper - constraint "uk_6dotkott2kjsp8vw4d0m25fb7" of relation "users" does not exist, skipping
Hibernate: alter table if exists users add constraint UK_6dotkott2kjsp8vw4d0m25fb7 unique (email)
Hibernate: alter table if exists project_comments add constraint FKhfovv2g0k4e98sp5g8mqwg9pg foreign key (user_id) references users
Hibernate: alter table if exists project_comments add constraint FKfsk4ll3g13rwc631iwek1vmj5 foreign key (project_id) references projects
Hibernate: alter table if exists project_users add constraint FK8w55cu3qmg4yo0vy0b8e3ivk4 foreign key (user_id) references users
Hibernate: alter table if exists project_users add constraint FKn2d9w5xxgord5j4k2963p8o1g foreign key (project_id) references projects
Hibernate: alter table if exists projects add constraint FKhswfwa3ga88vxv1pmboss6jhm foreign key (user_id) references users
[Test worker] INFO  o.s.o.j.LocalContainerEntityManagerFactoryBean - Initialized JPA EntityManagerFactory for persistence unit 'default'
[Test worker] INFO  p.z.p.i.r.jpa.UserJpaRepositoryTest - Started UserJpaRepositoryTest in 2.618 seconds (process running for 41.449)
Hibernate: select u1_0.id,u1_0.age,u1_0.email,u1_0.gender,u1_0.first_name,u1_0.password,u1_0.phone_number,u1_0.is_super,u1_0.last_name from users u1_0 where u1_0.id=?
Hibernate: insert into users (age,email,gender,first_name,password,phone_number,is_super,last_name) values (?,?,?,?,?,?,?,?)
[Test worker] INFO  o.s.o.j.LocalContainerEntityManagerFactoryBean - Closing JPA EntityManagerFactory for persistence unit 'default'
[Test worker] INFO  com.zaxxer.hikari.HikariDataSource - HikariPool-10 - Shutdown initiated...
[Test worker] INFO  com.zaxxer.hikari.HikariDataSource - HikariPool-10 - Shutdown completed.
]]></system-out>
  <system-err><![CDATA[]]></system-err>
</testsuite>
