<?xml version="1.0" encoding="UTF-8"?>
<testsuite name="pl.zajavka.project_manager.infrastructure.repository.jpa.CommentJpaRepositoryTest" tests="3" skipped="0" failures="0" errors="0" timestamp="2023-08-21T20:06:52" hostname="zbyszko" time="7.054">
  <properties/>
  <testcase name="updateComment()" classname="pl.zajavka.project_manager.infrastructure.repository.jpa.CommentJpaRepositoryTest" time="0.86"/>
  <testcase name="commentsSaveCorrectly()" classname="pl.zajavka.project_manager.infrastructure.repository.jpa.CommentJpaRepositoryTest" time="0.683"/>
  <testcase name="deleteComment()" classname="pl.zajavka.project_manager.infrastructure.repository.jpa.CommentJpaRepositoryTest" time="0.524"/>
  <system-out><![CDATA[[Test worker] INFO  o.s.t.c.s.AnnotationConfigContextLoaderUtils - Could not detect default configuration classes for test class [pl.zajavka.project_manager.infrastructure.repository.jpa.CommentJpaRepositoryTest]: CommentJpaRepositoryTest does not declare any static, non-private, non-final, nested classes annotated with @Configuration.
[Test worker] INFO  o.s.b.t.c.SpringBootTestContextBootstrapper - Found @SpringBootConfiguration pl.zajavka.project_manager.ProjectManagerApiApplication for test class pl.zajavka.project_manager.infrastructure.repository.jpa.CommentJpaRepositoryTest

  .   ____          _            __ _ _
 /\\ / ___'_ __ _ _(_)_ __  __ _ \ \ \ \
( ( )\___ | '_ | '_| | '_ \/ _` | \ \ \ \
 \\/  ___)| |_)| | | | | || (_| |  ) ) ) )
  '  |____| .__|_| |_|_| |_\__, | / / / /
 =========|_|==============|___/=/_/_/_/
 :: Spring Boot ::                (v3.1.2)

[Test worker] INFO  p.z.p.i.r.j.CommentJpaRepositoryTest - Starting CommentJpaRepositoryTest using Java 17.0.8 with PID 146590 (started by alien125 in /home/alien125/java_projects/project_manager)
[Test worker] INFO  p.z.p.i.r.j.CommentJpaRepositoryTest - No active profile set, falling back to 1 default profile: "default"
[Test worker] INFO  o.s.d.r.c.RepositoryConfigurationDelegate - Bootstrapping Spring Data JPA repositories in DEFAULT mode.
[Test worker] INFO  o.s.d.r.c.RepositoryConfigurationDelegate - Finished Spring Data repository scanning in 32 ms. Found 3 JPA repository interfaces.
[Test worker] INFO  o.t.utility.ImageNameSubstitutor - Image name substitution will be performed by: DefaultImageNameSubstitutor (composite of 'ConfigurationFileImageNameSubstitutor' and 'PrefixingImageNameSubstitutor')
[Test worker] INFO  o.t.d.DockerClientProviderStrategy - Loaded org.testcontainers.dockerclient.UnixSocketClientProviderStrategy from ~/.testcontainers.properties, will try it first
[Test worker] INFO  o.t.d.DockerClientProviderStrategy - Found Docker environment with local Unix socket (unix:///var/run/docker.sock)
[Test worker] INFO  o.testcontainers.DockerClientFactory - Docker host IP address is localhost
[Test worker] INFO  o.testcontainers.DockerClientFactory - Connected to docker: 
  Server Version: 24.0.5
  API Version: 1.43
  Operating System: Linux Mint 21.2
  Total Memory: 15866 MB
[Test worker] INFO  ]]>&#x1f433;<![CDATA[ [testcontainers/ryuk:0.3.4] - Creating container for image: testcontainers/ryuk:0.3.4
[Test worker] INFO  o.t.utility.RegistryAuthLocator - Failure when attempting to lookup auth config. Please ignore if you don't have images in an authenticated registry. Details: (dockerImageName: testcontainers/ryuk:0.3.4, configFile: /home/alien125/.docker/config.json. Falling back to docker-java default behaviour. Exception message: Could not execute [docker-credential-desktop, get]. Error=2, Nie ma takiego pliku ani katalogu
[Test worker] INFO  ]]>&#x1f433;<![CDATA[ [testcontainers/ryuk:0.3.4] - Container testcontainers/ryuk:0.3.4 is starting: b8ef482b02b502eaf8255ade2a58d2c7b19885aa8d2f9d8e062d738f55f6b014
[Test worker] INFO  ]]>&#x1f433;<![CDATA[ [testcontainers/ryuk:0.3.4] - Container testcontainers/ryuk:0.3.4 started in PT1.113174694S
[Test worker] INFO  o.t.utility.RyukResourceReaper - Ryuk started - will monitor and terminate Testcontainers containers on JVM exit
[Test worker] INFO  o.testcontainers.DockerClientFactory - Checking the system...
[Test worker] INFO  o.testcontainers.DockerClientFactory - ✔︎ Docker server version should be at least 1.6.0
[Test worker] INFO  ]]>&#x1f433;<![CDATA[ [postgres:15.0] - Creating container for image: postgres:15.0
[Test worker] INFO  ]]>&#x1f433;<![CDATA[ [postgres:15.0] - Container postgres:15.0 is starting: 99e27c607b6aef5fa6a0c3f3dd69b85da8582e68507ff64ec804ba8f1e79dbfa
[Test worker] INFO  ]]>&#x1f433;<![CDATA[ [postgres:15.0] - Container postgres:15.0 started in PT2.169746301S
[Test worker] INFO  com.zaxxer.hikari.HikariDataSource - HikariPool-2 - Starting...
[Test worker] INFO  com.zaxxer.hikari.pool.HikariPool - HikariPool-2 - Added connection org.postgresql.jdbc.PgConnection@2b04b7dd
[Test worker] INFO  com.zaxxer.hikari.HikariDataSource - HikariPool-2 - Start completed.
[Test worker] INFO  o.f.c.i.d.base.BaseDatabaseType - Database: jdbc:postgresql://localhost:33048/test (PostgreSQL 15.0)
[Test worker] INFO  o.f.c.i.s.JdbcTableSchemaHistory - Schema history table "public"."flyway_schema_history" does not exist yet
[Test worker] INFO  o.f.core.internal.command.DbValidate - Successfully validated 0 migrations (execution time 00:00.002s)
[Test worker] WARN  o.f.core.internal.command.DbValidate - No migrations found. Are your locations set up correctly?
[Test worker] INFO  o.f.c.i.s.JdbcTableSchemaHistory - Creating Schema History table "public"."flyway_schema_history" ...
[Test worker] INFO  o.f.core.internal.command.DbMigrate - Current version of schema "public": << Empty Schema >>
[Test worker] INFO  o.f.core.internal.command.DbMigrate - Schema "public" is up to date. No migration necessary.
[Test worker] INFO  o.h.jpa.internal.util.LogHelper - HHH000204: Processing PersistenceUnitInfo [name: default]
[Test worker] INFO  o.h.b.i.BytecodeProviderInitiator - HHH000021: Bytecode provider name : bytebuddy
[Test worker] INFO  o.s.o.j.p.SpringPersistenceUnitInfo - No LoadTimeWeaver setup: ignoring JPA class transformer
[Test worker] INFO  o.h.b.i.BytecodeProviderInitiator - HHH000021: Bytecode provider name : bytebuddy
[Test worker] INFO  o.h.e.t.j.p.i.JtaPlatformInitiator - HHH000490: Using JtaPlatform implementation: [org.hibernate.engine.transaction.jta.platform.internal.NoJtaPlatform]
Hibernate: create table project_comments (id serial not null, comment varchar(255), timestamp integer, user_id integer, project_id integer, primary key (id))
Hibernate: create table project_users (project_id integer not null, user_id integer not null)
Hibernate: create table projects (id serial not null, description varchar(255), ebd_date integer, name varchar(255), start_date integer, user_id integer, primary key (id))
Hibernate: create table users (id serial not null, age integer not null, email varchar(255) not null, gender varchar(255), first_name varchar(255) not null, password varchar(255) not null, phone_number varchar(255) not null, is_super boolean not null, last_name varchar(255) not null, primary key (id))
Hibernate: alter table if exists users drop constraint if exists UK_6dotkott2kjsp8vw4d0m25fb7
[Test worker] WARN  o.h.e.jdbc.spi.SqlExceptionHelper - SQL Warning Code: 0, SQLState: 00000
[Test worker] WARN  o.h.e.jdbc.spi.SqlExceptionHelper - constraint "uk_6dotkott2kjsp8vw4d0m25fb7" of relation "users" does not exist, skipping
Hibernate: alter table if exists users add constraint UK_6dotkott2kjsp8vw4d0m25fb7 unique (email)
Hibernate: alter table if exists project_comments add constraint FKhfovv2g0k4e98sp5g8mqwg9pg foreign key (user_id) references users
Hibernate: alter table if exists project_comments add constraint FKfsk4ll3g13rwc631iwek1vmj5 foreign key (project_id) references projects
Hibernate: alter table if exists project_users add constraint FK8w55cu3qmg4yo0vy0b8e3ivk4 foreign key (user_id) references users
Hibernate: alter table if exists project_users add constraint FKn2d9w5xxgord5j4k2963p8o1g foreign key (project_id) references projects
Hibernate: alter table if exists projects add constraint FKhswfwa3ga88vxv1pmboss6jhm foreign key (user_id) references users
[Test worker] INFO  o.s.o.j.LocalContainerEntityManagerFactoryBean - Initialized JPA EntityManagerFactory for persistence unit 'default'
[Test worker] INFO  p.z.p.i.r.j.CommentJpaRepositoryTest - Started CommentJpaRepositoryTest in 4.551 seconds (process running for 17.292)
Hibernate: select u1_0.id,u1_0.age,u1_0.email,u1_0.gender,u1_0.first_name,u1_0.password,u1_0.phone_number,u1_0.is_super,u1_0.last_name from users u1_0 where u1_0.id=?
Hibernate: insert into users (age,email,gender,first_name,password,phone_number,is_super,last_name) values (?,?,?,?,?,?,?,?)
Hibernate: select u1_0.id,u1_0.age,u1_0.email,u1_0.gender,u1_0.first_name,u1_0.password,u1_0.phone_number,u1_0.is_super,u1_0.last_name from users u1_0 where u1_0.id=?
Hibernate: insert into users (age,email,gender,first_name,password,phone_number,is_super,last_name) values (?,?,?,?,?,?,?,?)
Hibernate: select u1_0.id,u1_0.age,u1_0.email,u1_0.gender,u1_0.first_name,u1_0.password,u1_0.phone_number,u1_0.is_super,u1_0.last_name from users u1_0 where u1_0.id=?
Hibernate: insert into users (age,email,gender,first_name,password,phone_number,is_super,last_name) values (?,?,?,?,?,?,?,?)
Hibernate: select p1_0.id,p1_0.user_id,p1_0.description,p1_0.ebd_date,p1_0.name,p1_0.start_date from projects p1_0 where p1_0.id=?
Hibernate: insert into projects (user_id,description,ebd_date,name,start_date) values (?,?,?,?,?)
Hibernate: select p1_0.id,p1_0.user_id,p1_0.description,p1_0.ebd_date,p1_0.name,p1_0.start_date from projects p1_0 where p1_0.id=?
Hibernate: insert into projects (user_id,description,ebd_date,name,start_date) values (?,?,?,?,?)
Hibernate: select p1_0.id,p1_0.user_id,p1_0.description,p1_0.ebd_date,p1_0.name,p1_0.start_date from projects p1_0 where p1_0.id=?
Hibernate: insert into projects (user_id,description,ebd_date,name,start_date) values (?,?,?,?,?)
Hibernate: insert into project_users (project_id,user_id) values (?,?)
Hibernate: insert into project_users (project_id,user_id) values (?,?)
Hibernate: insert into project_users (project_id,user_id) values (?,?)
Hibernate: insert into project_users (project_id,user_id) values (?,?)
Hibernate: insert into project_users (project_id,user_id) values (?,?)
Hibernate: insert into project_users (project_id,user_id) values (?,?)
Hibernate: select c1_0.id,c1_0.user_id,c1_0.comment,c1_0.timestamp,c1_0.project_id from project_comments c1_0 where c1_0.id=?
Hibernate: insert into project_comments (user_id,comment,timestamp,project_id) values (?,?,?,?)
Hibernate: update project_comments set user_id=?,comment=?,timestamp=?,project_id=? where id=?
Hibernate: select u1_0.id,u1_0.age,u1_0.email,u1_0.gender,u1_0.first_name,u1_0.password,u1_0.phone_number,u1_0.is_super,u1_0.last_name from users u1_0
Hibernate: select p1_0.id,p1_0.user_id,p1_0.description,p1_0.ebd_date,p1_0.name,p1_0.start_date from projects p1_0
[Test worker] INFO  o.s.o.j.LocalContainerEntityManagerFactoryBean - Closing JPA EntityManagerFactory for persistence unit 'default'
[Test worker] INFO  com.zaxxer.hikari.HikariDataSource - HikariPool-2 - Shutdown initiated...
[Test worker] INFO  com.zaxxer.hikari.HikariDataSource - HikariPool-2 - Shutdown completed.

  .   ____          _            __ _ _
 /\\ / ___'_ __ _ _(_)_ __  __ _ \ \ \ \
( ( )\___ | '_ | '_| | '_ \/ _` | \ \ \ \
 \\/  ___)| |_)| | | | | || (_| |  ) ) ) )
  '  |____| .__|_| |_|_| |_\__, | / / / /
 =========|_|==============|___/=/_/_/_/
 :: Spring Boot ::                (v3.1.2)

[Test worker] INFO  p.z.p.i.r.j.CommentJpaRepositoryTest - Starting CommentJpaRepositoryTest using Java 17.0.8 with PID 146590 (started by alien125 in /home/alien125/java_projects/project_manager)
[Test worker] INFO  p.z.p.i.r.j.CommentJpaRepositoryTest - No active profile set, falling back to 1 default profile: "default"
[Test worker] INFO  o.s.d.r.c.RepositoryConfigurationDelegate - Bootstrapping Spring Data JPA repositories in DEFAULT mode.
[Test worker] INFO  o.s.d.r.c.RepositoryConfigurationDelegate - Finished Spring Data repository scanning in 16 ms. Found 3 JPA repository interfaces.
[Test worker] INFO  ]]>&#x1f433;<![CDATA[ [postgres:15.0] - Creating container for image: postgres:15.0
[Test worker] INFO  ]]>&#x1f433;<![CDATA[ [postgres:15.0] - Container postgres:15.0 is starting: 86780a192f686d533179fa9a59bc186e4b732b15c0cce66cc47165032eb8f569
[Test worker] INFO  ]]>&#x1f433;<![CDATA[ [postgres:15.0] - Container postgres:15.0 started in PT2.12881626S
[Test worker] INFO  com.zaxxer.hikari.HikariDataSource - HikariPool-3 - Starting...
[Test worker] INFO  com.zaxxer.hikari.pool.HikariPool - HikariPool-3 - Added connection org.postgresql.jdbc.PgConnection@2f1841c5
[Test worker] INFO  com.zaxxer.hikari.HikariDataSource - HikariPool-3 - Start completed.
[Test worker] INFO  o.f.c.i.d.base.BaseDatabaseType - Database: jdbc:postgresql://localhost:33049/test (PostgreSQL 15.0)
[Test worker] INFO  o.f.c.i.s.JdbcTableSchemaHistory - Schema history table "public"."flyway_schema_history" does not exist yet
[Test worker] INFO  o.f.core.internal.command.DbValidate - Successfully validated 0 migrations (execution time 00:00.002s)
[Test worker] WARN  o.f.core.internal.command.DbValidate - No migrations found. Are your locations set up correctly?
[Test worker] INFO  o.f.c.i.s.JdbcTableSchemaHistory - Creating Schema History table "public"."flyway_schema_history" ...
[Test worker] INFO  o.f.core.internal.command.DbMigrate - Current version of schema "public": << Empty Schema >>
[Test worker] INFO  o.f.core.internal.command.DbMigrate - Schema "public" is up to date. No migration necessary.
[Test worker] INFO  o.h.jpa.internal.util.LogHelper - HHH000204: Processing PersistenceUnitInfo [name: default]
[Test worker] INFO  o.h.b.i.BytecodeProviderInitiator - HHH000021: Bytecode provider name : bytebuddy
[Test worker] INFO  o.s.o.j.p.SpringPersistenceUnitInfo - No LoadTimeWeaver setup: ignoring JPA class transformer
[Test worker] INFO  o.h.b.i.BytecodeProviderInitiator - HHH000021: Bytecode provider name : bytebuddy
[Test worker] INFO  o.h.e.t.j.p.i.JtaPlatformInitiator - HHH000490: Using JtaPlatform implementation: [org.hibernate.engine.transaction.jta.platform.internal.NoJtaPlatform]
Hibernate: create table project_comments (id serial not null, comment varchar(255), timestamp integer, user_id integer, project_id integer, primary key (id))
Hibernate: create table project_users (project_id integer not null, user_id integer not null)
Hibernate: create table projects (id serial not null, description varchar(255), ebd_date integer, name varchar(255), start_date integer, user_id integer, primary key (id))
Hibernate: create table users (id serial not null, age integer not null, email varchar(255) not null, gender varchar(255), first_name varchar(255) not null, password varchar(255) not null, phone_number varchar(255) not null, is_super boolean not null, last_name varchar(255) not null, primary key (id))
Hibernate: alter table if exists users drop constraint if exists UK_6dotkott2kjsp8vw4d0m25fb7
[Test worker] WARN  o.h.e.jdbc.spi.SqlExceptionHelper - SQL Warning Code: 0, SQLState: 00000
[Test worker] WARN  o.h.e.jdbc.spi.SqlExceptionHelper - constraint "uk_6dotkott2kjsp8vw4d0m25fb7" of relation "users" does not exist, skipping
Hibernate: alter table if exists users add constraint UK_6dotkott2kjsp8vw4d0m25fb7 unique (email)
Hibernate: alter table if exists project_comments add constraint FKhfovv2g0k4e98sp5g8mqwg9pg foreign key (user_id) references users
Hibernate: alter table if exists project_comments add constraint FKfsk4ll3g13rwc631iwek1vmj5 foreign key (project_id) references projects
Hibernate: alter table if exists project_users add constraint FK8w55cu3qmg4yo0vy0b8e3ivk4 foreign key (user_id) references users
Hibernate: alter table if exists project_users add constraint FKn2d9w5xxgord5j4k2963p8o1g foreign key (project_id) references projects
Hibernate: alter table if exists projects add constraint FKhswfwa3ga88vxv1pmboss6jhm foreign key (user_id) references users
[Test worker] INFO  o.s.o.j.LocalContainerEntityManagerFactoryBean - Initialized JPA EntityManagerFactory for persistence unit 'default'
[Test worker] INFO  p.z.p.i.r.j.CommentJpaRepositoryTest - Started CommentJpaRepositoryTest in 2.579 seconds (process running for 20.736)
Hibernate: select u1_0.id,u1_0.age,u1_0.email,u1_0.gender,u1_0.first_name,u1_0.password,u1_0.phone_number,u1_0.is_super,u1_0.last_name from users u1_0 where u1_0.id=?
Hibernate: insert into users (age,email,gender,first_name,password,phone_number,is_super,last_name) values (?,?,?,?,?,?,?,?)
Hibernate: select u1_0.id,u1_0.age,u1_0.email,u1_0.gender,u1_0.first_name,u1_0.password,u1_0.phone_number,u1_0.is_super,u1_0.last_name from users u1_0 where u1_0.id=?
Hibernate: insert into users (age,email,gender,first_name,password,phone_number,is_super,last_name) values (?,?,?,?,?,?,?,?)
Hibernate: select u1_0.id,u1_0.age,u1_0.email,u1_0.gender,u1_0.first_name,u1_0.password,u1_0.phone_number,u1_0.is_super,u1_0.last_name from users u1_0 where u1_0.id=?
Hibernate: insert into users (age,email,gender,first_name,password,phone_number,is_super,last_name) values (?,?,?,?,?,?,?,?)
Hibernate: select p1_0.id,p1_0.user_id,p1_0.description,p1_0.ebd_date,p1_0.name,p1_0.start_date from projects p1_0 where p1_0.id=?
Hibernate: insert into projects (user_id,description,ebd_date,name,start_date) values (?,?,?,?,?)
Hibernate: select p1_0.id,p1_0.user_id,p1_0.description,p1_0.ebd_date,p1_0.name,p1_0.start_date from projects p1_0 where p1_0.id=?
Hibernate: insert into projects (user_id,description,ebd_date,name,start_date) values (?,?,?,?,?)
Hibernate: select p1_0.id,p1_0.user_id,p1_0.description,p1_0.ebd_date,p1_0.name,p1_0.start_date from projects p1_0 where p1_0.id=?
Hibernate: insert into projects (user_id,description,ebd_date,name,start_date) values (?,?,?,?,?)
Hibernate: insert into project_users (project_id,user_id) values (?,?)
Hibernate: insert into project_users (project_id,user_id) values (?,?)
Hibernate: insert into project_users (project_id,user_id) values (?,?)
Hibernate: insert into project_users (project_id,user_id) values (?,?)
Hibernate: insert into project_users (project_id,user_id) values (?,?)
Hibernate: insert into project_users (project_id,user_id) values (?,?)
Hibernate: select c1_0.id,c1_0.user_id,c1_0.comment,c1_0.timestamp,c1_0.project_id from project_comments c1_0 where c1_0.id=?
Hibernate: insert into project_comments (user_id,comment,timestamp,project_id) values (?,?,?,?)
Hibernate: select c1_0.id,c1_0.user_id,c1_0.comment,c1_0.timestamp,c1_0.project_id from project_comments c1_0 where c1_0.id=?
Hibernate: insert into project_comments (user_id,comment,timestamp,project_id) values (?,?,?,?)
Hibernate: select c1_0.id,c1_0.user_id,c1_0.comment,c1_0.timestamp,c1_0.project_id from project_comments c1_0 where c1_0.id=?
Hibernate: insert into project_comments (user_id,comment,timestamp,project_id) values (?,?,?,?)
Hibernate: select c1_0.id,c1_0.user_id,c1_0.comment,c1_0.timestamp,c1_0.project_id from project_comments c1_0
Hibernate: select u1_0.id,u1_0.age,u1_0.email,u1_0.gender,u1_0.first_name,u1_0.password,u1_0.phone_number,u1_0.is_super,u1_0.last_name from users u1_0
Hibernate: select p1_0.id,p1_0.user_id,p1_0.description,p1_0.ebd_date,p1_0.name,p1_0.start_date from projects p1_0
[Test worker] INFO  o.s.o.j.LocalContainerEntityManagerFactoryBean - Closing JPA EntityManagerFactory for persistence unit 'default'
[Test worker] INFO  com.zaxxer.hikari.HikariDataSource - HikariPool-3 - Shutdown initiated...
[Test worker] INFO  com.zaxxer.hikari.HikariDataSource - HikariPool-3 - Shutdown completed.

  .   ____          _            __ _ _
 /\\ / ___'_ __ _ _(_)_ __  __ _ \ \ \ \
( ( )\___ | '_ | '_| | '_ \/ _` | \ \ \ \
 \\/  ___)| |_)| | | | | || (_| |  ) ) ) )
  '  |____| .__|_| |_|_| |_\__, | / / / /
 =========|_|==============|___/=/_/_/_/
 :: Spring Boot ::                (v3.1.2)

[Test worker] INFO  p.z.p.i.r.j.CommentJpaRepositoryTest - Starting CommentJpaRepositoryTest using Java 17.0.8 with PID 146590 (started by alien125 in /home/alien125/java_projects/project_manager)
[Test worker] INFO  p.z.p.i.r.j.CommentJpaRepositoryTest - No active profile set, falling back to 1 default profile: "default"
[Test worker] INFO  o.s.d.r.c.RepositoryConfigurationDelegate - Bootstrapping Spring Data JPA repositories in DEFAULT mode.
[Test worker] INFO  o.s.d.r.c.RepositoryConfigurationDelegate - Finished Spring Data repository scanning in 15 ms. Found 3 JPA repository interfaces.
[Test worker] INFO  ]]>&#x1f433;<![CDATA[ [postgres:15.0] - Creating container for image: postgres:15.0
[Test worker] INFO  ]]>&#x1f433;<![CDATA[ [postgres:15.0] - Container postgres:15.0 is starting: 9fb0d8edf69469af743b6696ebd619e0de7935ee347391cf4d3455b5bb243612
[Test worker] INFO  ]]>&#x1f433;<![CDATA[ [postgres:15.0] - Container postgres:15.0 started in PT2.048509221S
[Test worker] INFO  com.zaxxer.hikari.HikariDataSource - HikariPool-4 - Starting...
[Test worker] INFO  com.zaxxer.hikari.pool.HikariPool - HikariPool-4 - Added connection org.postgresql.jdbc.PgConnection@107f6698
[Test worker] INFO  com.zaxxer.hikari.HikariDataSource - HikariPool-4 - Start completed.
[Test worker] INFO  o.f.c.i.d.base.BaseDatabaseType - Database: jdbc:postgresql://localhost:33050/test (PostgreSQL 15.0)
[Test worker] INFO  o.f.c.i.s.JdbcTableSchemaHistory - Schema history table "public"."flyway_schema_history" does not exist yet
[Test worker] INFO  o.f.core.internal.command.DbValidate - Successfully validated 0 migrations (execution time 00:00.002s)
[Test worker] WARN  o.f.core.internal.command.DbValidate - No migrations found. Are your locations set up correctly?
[Test worker] INFO  o.f.c.i.s.JdbcTableSchemaHistory - Creating Schema History table "public"."flyway_schema_history" ...
[Test worker] INFO  o.f.core.internal.command.DbMigrate - Current version of schema "public": << Empty Schema >>
[Test worker] INFO  o.f.core.internal.command.DbMigrate - Schema "public" is up to date. No migration necessary.
[Test worker] INFO  o.h.jpa.internal.util.LogHelper - HHH000204: Processing PersistenceUnitInfo [name: default]
[Test worker] INFO  o.h.b.i.BytecodeProviderInitiator - HHH000021: Bytecode provider name : bytebuddy
[Test worker] INFO  o.s.o.j.p.SpringPersistenceUnitInfo - No LoadTimeWeaver setup: ignoring JPA class transformer
[Test worker] INFO  o.h.b.i.BytecodeProviderInitiator - HHH000021: Bytecode provider name : bytebuddy
[Test worker] INFO  o.h.e.t.j.p.i.JtaPlatformInitiator - HHH000490: Using JtaPlatform implementation: [org.hibernate.engine.transaction.jta.platform.internal.NoJtaPlatform]
Hibernate: create table project_comments (id serial not null, comment varchar(255), timestamp integer, user_id integer, project_id integer, primary key (id))
Hibernate: create table project_users (project_id integer not null, user_id integer not null)
Hibernate: create table projects (id serial not null, description varchar(255), ebd_date integer, name varchar(255), start_date integer, user_id integer, primary key (id))
Hibernate: create table users (id serial not null, age integer not null, email varchar(255) not null, gender varchar(255), first_name varchar(255) not null, password varchar(255) not null, phone_number varchar(255) not null, is_super boolean not null, last_name varchar(255) not null, primary key (id))
Hibernate: alter table if exists users drop constraint if exists UK_6dotkott2kjsp8vw4d0m25fb7
[Test worker] WARN  o.h.e.jdbc.spi.SqlExceptionHelper - SQL Warning Code: 0, SQLState: 00000
[Test worker] WARN  o.h.e.jdbc.spi.SqlExceptionHelper - constraint "uk_6dotkott2kjsp8vw4d0m25fb7" of relation "users" does not exist, skipping
Hibernate: alter table if exists users add constraint UK_6dotkott2kjsp8vw4d0m25fb7 unique (email)
Hibernate: alter table if exists project_comments add constraint FKhfovv2g0k4e98sp5g8mqwg9pg foreign key (user_id) references users
Hibernate: alter table if exists project_comments add constraint FKfsk4ll3g13rwc631iwek1vmj5 foreign key (project_id) references projects
Hibernate: alter table if exists project_users add constraint FK8w55cu3qmg4yo0vy0b8e3ivk4 foreign key (user_id) references users
Hibernate: alter table if exists project_users add constraint FKn2d9w5xxgord5j4k2963p8o1g foreign key (project_id) references projects
Hibernate: alter table if exists projects add constraint FKhswfwa3ga88vxv1pmboss6jhm foreign key (user_id) references users
[Test worker] INFO  o.s.o.j.LocalContainerEntityManagerFactoryBean - Initialized JPA EntityManagerFactory for persistence unit 'default'
[Test worker] INFO  p.z.p.i.r.j.CommentJpaRepositoryTest - Started CommentJpaRepositoryTest in 2.399 seconds (process running for 23.824)
Hibernate: select u1_0.id,u1_0.age,u1_0.email,u1_0.gender,u1_0.first_name,u1_0.password,u1_0.phone_number,u1_0.is_super,u1_0.last_name from users u1_0 where u1_0.id=?
Hibernate: insert into users (age,email,gender,first_name,password,phone_number,is_super,last_name) values (?,?,?,?,?,?,?,?)
Hibernate: select u1_0.id,u1_0.age,u1_0.email,u1_0.gender,u1_0.first_name,u1_0.password,u1_0.phone_number,u1_0.is_super,u1_0.last_name from users u1_0 where u1_0.id=?
Hibernate: insert into users (age,email,gender,first_name,password,phone_number,is_super,last_name) values (?,?,?,?,?,?,?,?)
Hibernate: select u1_0.id,u1_0.age,u1_0.email,u1_0.gender,u1_0.first_name,u1_0.password,u1_0.phone_number,u1_0.is_super,u1_0.last_name from users u1_0 where u1_0.id=?
Hibernate: insert into users (age,email,gender,first_name,password,phone_number,is_super,last_name) values (?,?,?,?,?,?,?,?)
Hibernate: select p1_0.id,p1_0.user_id,p1_0.description,p1_0.ebd_date,p1_0.name,p1_0.start_date from projects p1_0 where p1_0.id=?
Hibernate: insert into projects (user_id,description,ebd_date,name,start_date) values (?,?,?,?,?)
Hibernate: select p1_0.id,p1_0.user_id,p1_0.description,p1_0.ebd_date,p1_0.name,p1_0.start_date from projects p1_0 where p1_0.id=?
Hibernate: insert into projects (user_id,description,ebd_date,name,start_date) values (?,?,?,?,?)
Hibernate: select p1_0.id,p1_0.user_id,p1_0.description,p1_0.ebd_date,p1_0.name,p1_0.start_date from projects p1_0 where p1_0.id=?
Hibernate: insert into projects (user_id,description,ebd_date,name,start_date) values (?,?,?,?,?)
Hibernate: insert into project_users (project_id,user_id) values (?,?)
Hibernate: insert into project_users (project_id,user_id) values (?,?)
Hibernate: insert into project_users (project_id,user_id) values (?,?)
Hibernate: insert into project_users (project_id,user_id) values (?,?)
Hibernate: insert into project_users (project_id,user_id) values (?,?)
Hibernate: insert into project_users (project_id,user_id) values (?,?)
Hibernate: select c1_0.id,c1_0.user_id,c1_0.comment,c1_0.timestamp,c1_0.project_id from project_comments c1_0 where c1_0.id=?
Hibernate: insert into project_comments (user_id,comment,timestamp,project_id) values (?,?,?,?)
Hibernate: select u1_0.id,u1_0.age,u1_0.email,u1_0.gender,u1_0.first_name,u1_0.password,u1_0.phone_number,u1_0.is_super,u1_0.last_name from users u1_0
Hibernate: select p1_0.id,p1_0.user_id,p1_0.description,p1_0.ebd_date,p1_0.name,p1_0.start_date from projects p1_0
[Test worker] INFO  o.s.o.j.LocalContainerEntityManagerFactoryBean - Closing JPA EntityManagerFactory for persistence unit 'default'
[Test worker] INFO  com.zaxxer.hikari.HikariDataSource - HikariPool-4 - Shutdown initiated...
[Test worker] INFO  com.zaxxer.hikari.HikariDataSource - HikariPool-4 - Shutdown completed.
]]></system-out>
  <system-err><![CDATA[]]></system-err>
</testsuite>
