<?xml version="1.0" encoding="UTF-8"?>
<testsuite name="pl.zajavka.project_manager.api.ProjectControllerWebMsvcTest" tests="6" skipped="0" failures="0" errors="0" timestamp="2023-08-21T20:06:46" hostname="zbyszko" time="0.114">
  <properties/>
  <testcase name="projectDetails()" classname="pl.zajavka.project_manager.api.ProjectControllerWebMsvcTest" time="0.031"/>
  <testcase name="deleteProjectSuccess()" classname="pl.zajavka.project_manager.api.ProjectControllerWebMsvcTest" time="0.011"/>
  <testcase name="allProjects()" classname="pl.zajavka.project_manager.api.ProjectControllerWebMsvcTest" time="0.015"/>
  <testcase name="projectsByUser()" classname="pl.zajavka.project_manager.api.ProjectControllerWebMsvcTest" time="0.011"/>
  <testcase name="addProjectSuccess()" classname="pl.zajavka.project_manager.api.ProjectControllerWebMsvcTest" time="0.014"/>
  <testcase name="updateProjectSuccess()" classname="pl.zajavka.project_manager.api.ProjectControllerWebMsvcTest" time="0.01"/>
  <system-out><![CDATA[[Test worker] INFO  o.s.t.c.s.AnnotationConfigContextLoaderUtils - Could not detect default configuration classes for test class [pl.zajavka.project_manager.api.ProjectControllerWebMsvcTest]: ProjectControllerWebMsvcTest does not declare any static, non-private, non-final, nested classes annotated with @Configuration.
[Test worker] INFO  o.s.b.t.c.SpringBootTestContextBootstrapper - Found @SpringBootConfiguration pl.zajavka.project_manager.ProjectManagerApiApplication for test class pl.zajavka.project_manager.api.ProjectControllerWebMsvcTest

  .   ____          _            __ _ _
 /\\ / ___'_ __ _ _(_)_ __  __ _ \ \ \ \
( ( )\___ | '_ | '_| | '_ \/ _` | \ \ \ \
 \\/  ___)| |_)| | | | | || (_| |  ) ) ) )
  '  |____| .__|_| |_|_| |_\__, | / / / /
 =========|_|==============|___/=/_/_/_/
 :: Spring Boot ::                (v3.1.2)

[Test worker] INFO  p.z.p.a.ProjectControllerWebMsvcTest - Starting ProjectControllerWebMsvcTest using Java 17.0.8 with PID 146590 (started by alien125 in /home/alien125/java_projects/project_manager)
[Test worker] INFO  p.z.p.a.ProjectControllerWebMsvcTest - No active profile set, falling back to 1 default profile: "default"
[Test worker] INFO  o.s.s.web.DefaultSecurityFilterChain - Will secure any request with [org.springframework.security.web.session.DisableEncodeUrlFilter@b536551, org.springframework.security.web.context.request.async.WebAsyncManagerIntegrationFilter@1d8deb33, org.springframework.security.web.context.SecurityContextHolderFilter@6d9f78a6, org.springframework.security.web.header.HeaderWriterFilter@13389f4e, org.springframework.security.web.csrf.CsrfFilter@67898002, org.springframework.security.web.authentication.logout.LogoutFilter@79a1730e, org.springframework.security.web.authentication.UsernamePasswordAuthenticationFilter@7c3e94b2, org.springframework.security.web.authentication.ui.DefaultLoginPageGeneratingFilter@4299feea, org.springframework.security.web.authentication.ui.DefaultLogoutPageGeneratingFilter@159e7734, org.springframework.security.web.authentication.www.BasicAuthenticationFilter@e75a138, org.springframework.security.web.savedrequest.RequestCacheAwareFilter@46bd6c87, org.springframework.security.web.servletapi.SecurityContextHolderAwareRequestFilter@150cc1ea, org.springframework.security.web.authentication.AnonymousAuthenticationFilter@364178de, org.springframework.security.web.access.ExceptionTranslationFilter@3a1d3fed, org.springframework.security.web.access.intercept.AuthorizationFilter@7323f4f]
[Test worker] WARN  o.s.b.a.s.s.UserDetailsServiceAutoConfiguration - 

Using generated security password: 6b9b3db7-c7cd-4efd-89df-0b7f7c0464d7

This generated password is for development use only. Your security configuration must be updated before running your application in production.

[Test worker] INFO  o.s.b.t.m.w.SpringBootMockServletContext - Initializing Spring TestDispatcherServlet ''
[Test worker] INFO  o.s.t.w.s.TestDispatcherServlet - Initializing Servlet ''
[Test worker] INFO  o.s.t.w.s.TestDispatcherServlet - Completed initialization in 1 ms
[Test worker] INFO  p.z.p.a.ProjectControllerWebMsvcTest - Started ProjectControllerWebMsvcTest in 0.831 seconds (process running for 11.543)
]]></system-out>
  <system-err><![CDATA[]]></system-err>
</testsuite>
