<?xml version="1.0" encoding="UTF-8"?>
<testsuite name="pl.zajavka.project_manager.api.UserControllerWebMsvcTest" tests="5" skipped="0" failures="0" errors="0" timestamp="2023-08-21T20:06:47" hostname="zbyszko" time="0.181">
  <properties/>
  <testcase name="deleteUserSuccess()" classname="pl.zajavka.project_manager.api.UserControllerWebMsvcTest" time="0.025"/>
  <testcase name="addUserSuccess()" classname="pl.zajavka.project_manager.api.UserControllerWebMsvcTest" time="0.111"/>
  <testcase name="getUser()" classname="pl.zajavka.project_manager.api.UserControllerWebMsvcTest" time="0.01"/>
  <testcase name="updateUserSuccess()" classname="pl.zajavka.project_manager.api.UserControllerWebMsvcTest" time="0.011"/>
  <testcase name="userDetails()" classname="pl.zajavka.project_manager.api.UserControllerWebMsvcTest" time="0.01"/>
  <system-out><![CDATA[[Test worker] INFO  o.s.t.c.s.AnnotationConfigContextLoaderUtils - Could not detect default configuration classes for test class [pl.zajavka.project_manager.api.UserControllerWebMsvcTest]: UserControllerWebMsvcTest does not declare any static, non-private, non-final, nested classes annotated with @Configuration.
[Test worker] INFO  o.s.b.t.c.SpringBootTestContextBootstrapper - Found @SpringBootConfiguration pl.zajavka.project_manager.ProjectManagerApiApplication for test class pl.zajavka.project_manager.api.UserControllerWebMsvcTest

  .   ____          _            __ _ _
 /\\ / ___'_ __ _ _(_)_ __  __ _ \ \ \ \
( ( )\___ | '_ | '_| | '_ \/ _` | \ \ \ \
 \\/  ___)| |_)| | | | | || (_| |  ) ) ) )
  '  |____| .__|_| |_|_| |_\__, | / / / /
 =========|_|==============|___/=/_/_/_/
 :: Spring Boot ::                (v3.1.2)

[Test worker] INFO  p.z.p.api.UserControllerWebMsvcTest - Starting UserControllerWebMsvcTest using Java 17.0.8 with PID 146590 (started by alien125 in /home/alien125/java_projects/project_manager)
[Test worker] INFO  p.z.p.api.UserControllerWebMsvcTest - No active profile set, falling back to 1 default profile: "default"
[Test worker] INFO  o.s.s.web.DefaultSecurityFilterChain - Will secure any request with [org.springframework.security.web.session.DisableEncodeUrlFilter@6a146acb, org.springframework.security.web.context.request.async.WebAsyncManagerIntegrationFilter@5fcd665d, org.springframework.security.web.context.SecurityContextHolderFilter@6027f461, org.springframework.security.web.header.HeaderWriterFilter@97f2dbb, org.springframework.security.web.csrf.CsrfFilter@49443539, org.springframework.security.web.authentication.logout.LogoutFilter@5b95557f, org.springframework.security.web.authentication.UsernamePasswordAuthenticationFilter@165348d0, org.springframework.security.web.authentication.ui.DefaultLoginPageGeneratingFilter@1bb6a158, org.springframework.security.web.authentication.ui.DefaultLogoutPageGeneratingFilter@5354b0bc, org.springframework.security.web.authentication.www.BasicAuthenticationFilter@679cd9c8, org.springframework.security.web.savedrequest.RequestCacheAwareFilter@822e8a1, org.springframework.security.web.servletapi.SecurityContextHolderAwareRequestFilter@6b544b7c, org.springframework.security.web.authentication.AnonymousAuthenticationFilter@52076187, org.springframework.security.web.access.ExceptionTranslationFilter@352ad7fe, org.springframework.security.web.access.intercept.AuthorizationFilter@3cc135a9]
[Test worker] WARN  o.s.b.a.s.s.UserDetailsServiceAutoConfiguration - 

Using generated security password: 00ba8373-60fe-44c8-9b05-b2a324b519df

This generated password is for development use only. Your security configuration must be updated before running your application in production.

[Test worker] INFO  o.s.b.t.m.w.SpringBootMockServletContext - Initializing Spring TestDispatcherServlet ''
[Test worker] INFO  o.s.t.w.s.TestDispatcherServlet - Initializing Servlet ''
[Test worker] INFO  o.s.t.w.s.TestDispatcherServlet - Completed initialization in 1 ms
[Test worker] INFO  p.z.p.api.UserControllerWebMsvcTest - Started UserControllerWebMsvcTest in 0.827 seconds (process running for 12.517)
[Test worker] INFO  p.z.p.a.c.rest.UserController - Handled request [UserDetailsDTO(userId=null, name=John, surname=Doe, password=password123, age=18, gender=Ms, email=janinback@example.com, phone=987654321, superUser=false)]
]]></system-out>
  <system-err><![CDATA[]]></system-err>
</testsuite>
