<?xml version="1.0" encoding="UTF-8"?>
<testsuite name="pl.zajavka.project_manager.ProjectManagerApiApplicationTests" tests="1" skipped="0" failures="0" errors="0" timestamp="2023-08-21T20:06:42" hostname="zbyszko" time="0.605">
  <properties/>
  <testcase name="contextLoads()" classname="pl.zajavka.project_manager.ProjectManagerApiApplicationTests" time="0.605"/>
  <system-out><![CDATA[[Test worker] INFO  o.s.t.c.s.AnnotationConfigContextLoaderUtils - Could not detect default configuration classes for test class [pl.zajavka.project_manager.ProjectManagerApiApplicationTests]: ProjectManagerApiApplicationTests does not declare any static, non-private, non-final, nested classes annotated with @Configuration.
[Test worker] INFO  o.s.b.t.c.SpringBootTestContextBootstrapper - Found @SpringBootConfiguration pl.zajavka.project_manager.ProjectManagerApiApplication for test class pl.zajavka.project_manager.ProjectManagerApiApplicationTests

  .   ____          _            __ _ _
 /\\ / ___'_ __ _ _(_)_ __  __ _ \ \ \ \
( ( )\___ | '_ | '_| | '_ \/ _` | \ \ \ \
 \\/  ___)| |_)| | | | | || (_| |  ) ) ) )
  '  |____| .__|_| |_|_| |_\__, | / / / /
 =========|_|==============|___/=/_/_/_/
 :: Spring Boot ::                (v3.1.2)

[background-preinit] INFO  o.h.validator.internal.util.Version - HV000001: Hibernate Validator 8.0.1.Final
[Test worker] INFO  p.z.p.ProjectManagerApiApplicationTests - Starting ProjectManagerApiApplicationTests using Java 17.0.8 with PID 146590 (started by alien125 in /home/alien125/java_projects/project_manager)
[Test worker] INFO  p.z.p.ProjectManagerApiApplicationTests - No active profile set, falling back to 1 default profile: "default"
[Test worker] INFO  o.s.d.r.c.RepositoryConfigurationDelegate - Bootstrapping Spring Data JPA repositories in DEFAULT mode.
[Test worker] INFO  o.s.d.r.c.RepositoryConfigurationDelegate - Finished Spring Data repository scanning in 161 ms. Found 3 JPA repository interfaces.
[Test worker] INFO  o.f.c.i.license.VersionPrinter - Flyway Community Edition 9.16.3 by Redgate
[Test worker] INFO  o.f.c.i.license.VersionPrinter - See release notes here: https://rd.gt/416ObMi
[Test worker] INFO  o.f.c.i.license.VersionPrinter - 
[Test worker] INFO  com.zaxxer.hikari.HikariDataSource - HikariPool-1 - Starting...
[Test worker] INFO  com.zaxxer.hikari.pool.HikariPool - HikariPool-1 - Added connection org.postgresql.jdbc.PgConnection@2fa879ed
[Test worker] INFO  com.zaxxer.hikari.HikariDataSource - HikariPool-1 - Start completed.
[Test worker] INFO  o.f.c.i.d.base.BaseDatabaseType - Database: jdbc:postgresql://localhost:5432/zajavka (PostgreSQL 14.8)
[Test worker] INFO  o.f.core.internal.command.DbValidate - Successfully validated 0 migrations (execution time 00:00.012s)
[Test worker] WARN  o.f.core.internal.command.DbValidate - No migrations found. Are your locations set up correctly?
[Test worker] INFO  o.f.core.internal.command.DbMigrate - Current version of schema "public": << Empty Schema >>
[Test worker] INFO  o.f.core.internal.command.DbMigrate - Schema "public" is up to date. No migration necessary.
[Test worker] INFO  o.h.jpa.internal.util.LogHelper - HHH000204: Processing PersistenceUnitInfo [name: default]
[Test worker] INFO  org.hibernate.Version - HHH000412: Hibernate ORM core version 6.2.6.Final
[Test worker] INFO  org.hibernate.cfg.Environment - HHH000406: Using bytecode reflection optimizer
[Test worker] INFO  o.h.b.i.BytecodeProviderInitiator - HHH000021: Bytecode provider name : bytebuddy
[Test worker] INFO  o.s.o.j.p.SpringPersistenceUnitInfo - No LoadTimeWeaver setup: ignoring JPA class transformer
[Test worker] INFO  o.h.b.i.BytecodeProviderInitiator - HHH000021: Bytecode provider name : bytebuddy
[Test worker] INFO  o.h.e.t.j.p.i.JtaPlatformInitiator - HHH000490: Using JtaPlatform implementation: [org.hibernate.engine.transaction.jta.platform.internal.NoJtaPlatform]
[Test worker] INFO  o.s.o.j.LocalContainerEntityManagerFactoryBean - Initialized JPA EntityManagerFactory for persistence unit 'default'
[Test worker] WARN  o.s.b.a.o.j.JpaBaseConfiguration$JpaWebConfiguration - spring.jpa.open-in-view is enabled by default. Therefore, database queries may be performed during view rendering. Explicitly configure spring.jpa.open-in-view to disable this warning
[Test worker] INFO  o.s.s.web.DefaultSecurityFilterChain - Will secure any request with [org.springframework.security.web.session.DisableEncodeUrlFilter@25bfc558, org.springframework.security.web.context.request.async.WebAsyncManagerIntegrationFilter@3d837af7, org.springframework.security.web.context.SecurityContextHolderFilter@517d68b8, org.springframework.security.web.header.HeaderWriterFilter@3c9cab4, org.springframework.security.web.authentication.logout.LogoutFilter@297da2c3, pl.zajavka.project_manager.infrastructure.security.jwt.JwtRequestFilter@5529fd4e, org.springframework.security.web.authentication.www.BasicAuthenticationFilter@5d18a787, org.springframework.security.web.savedrequest.RequestCacheAwareFilter@24710e61, org.springframework.security.web.servletapi.SecurityContextHolderAwareRequestFilter@5599f22f, org.springframework.security.web.authentication.AnonymousAuthenticationFilter@446dc997, org.springframework.security.web.session.SessionManagementFilter@2ff4d61b, org.springframework.security.web.access.ExceptionTranslationFilter@1da53092, org.springframework.security.web.access.intercept.AuthorizationFilter@62284954]
[Test worker] INFO  p.z.p.ProjectManagerApiApplicationTests - Started ProjectManagerApiApplicationTests in 6.291 seconds (process running for 7.614)
]]></system-out>
  <system-err><![CDATA[]]></system-err>
</testsuite>
