<?xml version="1.0" encoding="UTF-8"?>
<testsuite name="pl.zajavka.project_manager.integration.rest.UserIT" tests="1" skipped="1" failures="0" errors="0" timestamp="2023-08-21T20:07:16" hostname="zbyszko" time="0.0">
  <properties/>
  <testcase name="givenExistingUserId_whenGetUser_thenRetrieveUserDetails()" classname="pl.zajavka.project_manager.integration.rest.UserIT" time="0.0">
    <skipped/>
  </testcase>
  <system-out><![CDATA[]]></system-out>
  <system-err><![CDATA[]]></system-err>
</testsuite>
