<?xml version="1.0" encoding="UTF-8"?>
<testsuite name="pl.zajavka.project_manager.api.CommentControllerWebMsvcTest" tests="2" skipped="0" failures="0" errors="0" timestamp="2023-08-21T20:06:45" hostname="zbyszko" time="0.439">
  <properties/>
  <testcase name="addCommentSuccess()" classname="pl.zajavka.project_manager.api.CommentControllerWebMsvcTest" time="0.414"/>
  <testcase name="getCommentsListCorrectly()" classname="pl.zajavka.project_manager.api.CommentControllerWebMsvcTest" time="0.02"/>
  <system-out><![CDATA[[Test worker] INFO  o.s.t.c.s.AnnotationConfigContextLoaderUtils - Could not detect default configuration classes for test class [pl.zajavka.project_manager.api.CommentControllerWebMsvcTest]: CommentControllerWebMsvcTest does not declare any static, non-private, non-final, nested classes annotated with @Configuration.
[Test worker] INFO  o.s.b.t.c.SpringBootTestContextBootstrapper - Found @SpringBootConfiguration pl.zajavka.project_manager.ProjectManagerApiApplication for test class pl.zajavka.project_manager.api.CommentControllerWebMsvcTest

  .   ____          _            __ _ _
 /\\ / ___'_ __ _ _(_)_ __  __ _ \ \ \ \
( ( )\___ | '_ | '_| | '_ \/ _` | \ \ \ \
 \\/  ___)| |_)| | | | | || (_| |  ) ) ) )
  '  |____| .__|_| |_|_| |_\__, | / / / /
 =========|_|==============|___/=/_/_/_/
 :: Spring Boot ::                (v3.1.2)

[Test worker] INFO  p.z.p.a.CommentControllerWebMsvcTest - Starting CommentControllerWebMsvcTest using Java 17.0.8 with PID 146590 (started by alien125 in /home/alien125/java_projects/project_manager)
[Test worker] INFO  p.z.p.a.CommentControllerWebMsvcTest - No active profile set, falling back to 1 default profile: "default"
[Test worker] INFO  o.s.s.web.DefaultSecurityFilterChain - Will secure any request with [org.springframework.security.web.session.DisableEncodeUrlFilter@6b29771f, org.springframework.security.web.context.request.async.WebAsyncManagerIntegrationFilter@4f991f00, org.springframework.security.web.context.SecurityContextHolderFilter@3e42cff9, org.springframework.security.web.header.HeaderWriterFilter@63ae7031, org.springframework.security.web.csrf.CsrfFilter@1e072d67, org.springframework.security.web.authentication.logout.LogoutFilter@f5475d7, org.springframework.security.web.authentication.UsernamePasswordAuthenticationFilter@20382851, org.springframework.security.web.authentication.ui.DefaultLoginPageGeneratingFilter@731660c1, org.springframework.security.web.authentication.ui.DefaultLogoutPageGeneratingFilter@2e02cc02, org.springframework.security.web.authentication.www.BasicAuthenticationFilter@cee1b4c, org.springframework.security.web.savedrequest.RequestCacheAwareFilter@1989a143, org.springframework.security.web.servletapi.SecurityContextHolderAwareRequestFilter@63a9ab7d, org.springframework.security.web.authentication.AnonymousAuthenticationFilter@524a96f5, org.springframework.security.web.access.ExceptionTranslationFilter@5b4433dc, org.springframework.security.web.access.intercept.AuthorizationFilter@61d8a98b]
[Test worker] WARN  o.s.b.a.s.s.UserDetailsServiceAutoConfiguration - 

Using generated security password: 1655c50b-4361-47dd-9b70-3c8b80891663

This generated password is for development use only. Your security configuration must be updated before running your application in production.

[Test worker] INFO  o.s.b.t.m.w.SpringBootMockServletContext - Initializing Spring TestDispatcherServlet ''
[Test worker] INFO  o.s.t.w.s.TestDispatcherServlet - Initializing Servlet ''
[Test worker] INFO  o.s.t.w.s.TestDispatcherServlet - Completed initialization in 2 ms
[Test worker] INFO  p.z.p.a.CommentControllerWebMsvcTest - Started CommentControllerWebMsvcTest in 1.941 seconds (process running for 10.216)
[Test worker] INFO  p.z.p.a.c.rest.CommentController - Handled param [CommentDTO(commentId=null, comment=some comment, date=123456789, project=null, author=null)]
[Test worker] INFO  p.z.p.a.c.rest.CommentController - Comment to return [CommentDTO(commentId=123, comment=some comment, date=123456789, project=null, author=null)]
[Test worker] INFO  p.z.p.a.c.rest.CommentController - Handled projectId [1]
[Test worker] INFO  p.z.p.a.c.rest.CommentController - List of comments to return [[CommentDTO(commentId=1, comment=some comment, date=123456789, project=null, author=null), CommentDTO(commentId=2, comment=some comment, date=123456789, project=null, author=null), CommentDTO(commentId=3, comment=some comment, date=123456789, project=null, author=null), CommentDTO(commentId=5, comment=some comment, date=123456789, project=null, author=null)]]
]]></system-out>
  <system-err><![CDATA[]]></system-err>
</testsuite>
