<?xml version="1.0" encoding="UTF-8"?>
<testsuite name="pl.zajavka.project_manager.infrastructure.repository.jpa.ProjectJpaRepositoryTest" tests="3" skipped="0" failures="0" errors="0" timestamp="2023-08-21T20:07:01" hostname="zbyszko" time="6.598">
  <properties/>
  <testcase name="updateProject()" classname="pl.zajavka.project_manager.infrastructure.repository.jpa.ProjectJpaRepositoryTest" time="0.569"/>
  <testcase name="deleteProject()" classname="pl.zajavka.project_manager.infrastructure.repository.jpa.ProjectJpaRepositoryTest" time="0.624"/>
  <testcase name="projectsSaveCorrectly()" classname="pl.zajavka.project_manager.infrastructure.repository.jpa.ProjectJpaRepositoryTest" time="0.645"/>
  <system-out><![CDATA[[Test worker] INFO  o.s.t.c.s.AnnotationConfigContextLoaderUtils - Could not detect default configuration classes for test class [pl.zajavka.project_manager.infrastructure.repository.jpa.ProjectJpaRepositoryTest]: ProjectJpaRepositoryTest does not declare any static, non-private, non-final, nested classes annotated with @Configuration.
[Test worker] INFO  o.s.b.t.c.SpringBootTestContextBootstrapper - Found @SpringBootConfiguration pl.zajavka.project_manager.ProjectManagerApiApplication for test class pl.zajavka.project_manager.infrastructure.repository.jpa.ProjectJpaRepositoryTest

  .   ____          _            __ _ _
 /\\ / ___'_ __ _ _(_)_ __  __ _ \ \ \ \
( ( )\___ | '_ | '_| | '_ \/ _` | \ \ \ \
 \\/  ___)| |_)| | | | | || (_| |  ) ) ) )
  '  |____| .__|_| |_|_| |_\__, | / / / /
 =========|_|==============|___/=/_/_/_/
 :: Spring Boot ::                (v3.1.2)

[Test worker] INFO  p.z.p.i.r.j.ProjectJpaRepositoryTest - Starting ProjectJpaRepositoryTest using Java 17.0.8 with PID 146590 (started by alien125 in /home/alien125/java_projects/project_manager)
[Test worker] INFO  p.z.p.i.r.j.ProjectJpaRepositoryTest - No active profile set, falling back to 1 default profile: "default"
[Test worker] INFO  o.s.d.r.c.RepositoryConfigurationDelegate - Bootstrapping Spring Data JPA repositories in DEFAULT mode.
[Test worker] INFO  o.s.d.r.c.RepositoryConfigurationDelegate - Finished Spring Data repository scanning in 10 ms. Found 3 JPA repository interfaces.
[Test worker] INFO  ]]>&#x1f433;<![CDATA[ [postgres:15.0] - Creating container for image: postgres:15.0
[Test worker] INFO  ]]>&#x1f433;<![CDATA[ [postgres:15.0] - Container postgres:15.0 is starting: 1b42f13cd2d229ee0fb45d8869a8656f739c1f38054dd887192eabd8c84fc474
[Test worker] INFO  ]]>&#x1f433;<![CDATA[ [postgres:15.0] - Container postgres:15.0 started in PT1.870150241S
[Test worker] INFO  com.zaxxer.hikari.HikariDataSource - HikariPool-5 - Starting...
[Test worker] INFO  com.zaxxer.hikari.pool.HikariPool - HikariPool-5 - Added connection org.postgresql.jdbc.PgConnection@23dfcae3
[Test worker] INFO  com.zaxxer.hikari.HikariDataSource - HikariPool-5 - Start completed.
[Test worker] INFO  o.f.c.i.d.base.BaseDatabaseType - Database: jdbc:postgresql://localhost:33051/test (PostgreSQL 15.0)
[Test worker] INFO  o.f.c.i.s.JdbcTableSchemaHistory - Schema history table "public"."flyway_schema_history" does not exist yet
[Test worker] INFO  o.f.core.internal.command.DbValidate - Successfully validated 0 migrations (execution time 00:00.001s)
[Test worker] WARN  o.f.core.internal.command.DbValidate - No migrations found. Are your locations set up correctly?
[Test worker] INFO  o.f.c.i.s.JdbcTableSchemaHistory - Creating Schema History table "public"."flyway_schema_history" ...
[Test worker] INFO  o.f.core.internal.command.DbMigrate - Current version of schema "public": << Empty Schema >>
[Test worker] INFO  o.f.core.internal.command.DbMigrate - Schema "public" is up to date. No migration necessary.
[Test worker] INFO  o.h.jpa.internal.util.LogHelper - HHH000204: Processing PersistenceUnitInfo [name: default]
[Test worker] INFO  o.h.b.i.BytecodeProviderInitiator - HHH000021: Bytecode provider name : bytebuddy
[Test worker] INFO  o.s.o.j.p.SpringPersistenceUnitInfo - No LoadTimeWeaver setup: ignoring JPA class transformer
[Test worker] INFO  o.h.b.i.BytecodeProviderInitiator - HHH000021: Bytecode provider name : bytebuddy
[Test worker] INFO  o.h.e.t.j.p.i.JtaPlatformInitiator - HHH000490: Using JtaPlatform implementation: [org.hibernate.engine.transaction.jta.platform.internal.NoJtaPlatform]
Hibernate: create table project_comments (id serial not null, comment varchar(255), timestamp integer, user_id integer, project_id integer, primary key (id))
Hibernate: create table project_users (project_id integer not null, user_id integer not null)
Hibernate: create table projects (id serial not null, description varchar(255), ebd_date integer, name varchar(255), start_date integer, user_id integer, primary key (id))
Hibernate: create table users (id serial not null, age integer not null, email varchar(255) not null, gender varchar(255), first_name varchar(255) not null, password varchar(255) not null, phone_number varchar(255) not null, is_super boolean not null, last_name varchar(255) not null, primary key (id))
Hibernate: alter table if exists users drop constraint if exists UK_6dotkott2kjsp8vw4d0m25fb7
[Test worker] WARN  o.h.e.jdbc.spi.SqlExceptionHelper - SQL Warning Code: 0, SQLState: 00000
[Test worker] WARN  o.h.e.jdbc.spi.SqlExceptionHelper - constraint "uk_6dotkott2kjsp8vw4d0m25fb7" of relation "users" does not exist, skipping
Hibernate: alter table if exists users add constraint UK_6dotkott2kjsp8vw4d0m25fb7 unique (email)
Hibernate: alter table if exists project_comments add constraint FKhfovv2g0k4e98sp5g8mqwg9pg foreign key (user_id) references users
Hibernate: alter table if exists project_comments add constraint FKfsk4ll3g13rwc631iwek1vmj5 foreign key (project_id) references projects
Hibernate: alter table if exists project_users add constraint FK8w55cu3qmg4yo0vy0b8e3ivk4 foreign key (user_id) references users
Hibernate: alter table if exists project_users add constraint FKn2d9w5xxgord5j4k2963p8o1g foreign key (project_id) references projects
Hibernate: alter table if exists projects add constraint FKhswfwa3ga88vxv1pmboss6jhm foreign key (user_id) references users
[Test worker] INFO  o.s.o.j.LocalContainerEntityManagerFactoryBean - Initialized JPA EntityManagerFactory for persistence unit 'default'
[Test worker] INFO  p.z.p.i.r.j.ProjectJpaRepositoryTest - Started ProjectJpaRepositoryTest in 2.202 seconds (process running for 26.561)
Hibernate: select u1_0.id,u1_0.age,u1_0.email,u1_0.gender,u1_0.first_name,u1_0.password,u1_0.phone_number,u1_0.is_super,u1_0.last_name from users u1_0 where u1_0.id=?
Hibernate: insert into users (age,email,gender,first_name,password,phone_number,is_super,last_name) values (?,?,?,?,?,?,?,?)
Hibernate: select u1_0.id,u1_0.age,u1_0.email,u1_0.gender,u1_0.first_name,u1_0.password,u1_0.phone_number,u1_0.is_super,u1_0.last_name from users u1_0 where u1_0.id=?
Hibernate: insert into users (age,email,gender,first_name,password,phone_number,is_super,last_name) values (?,?,?,?,?,?,?,?)
Hibernate: select u1_0.id,u1_0.age,u1_0.email,u1_0.gender,u1_0.first_name,u1_0.password,u1_0.phone_number,u1_0.is_super,u1_0.last_name from users u1_0 where u1_0.id=?
Hibernate: insert into users (age,email,gender,first_name,password,phone_number,is_super,last_name) values (?,?,?,?,?,?,?,?)
Hibernate: select u1_0.id,u1_0.age,u1_0.email,u1_0.gender,u1_0.first_name,u1_0.password,u1_0.phone_number,u1_0.is_super,u1_0.last_name from users u1_0
Hibernate: select p1_0.id,p1_0.user_id,p1_0.description,p1_0.ebd_date,p1_0.name,p1_0.start_date from projects p1_0 where p1_0.id=?
Hibernate: insert into projects (user_id,description,ebd_date,name,start_date) values (?,?,?,?,?)
Hibernate: update projects set user_id=?,description=?,ebd_date=?,name=?,start_date=? where id=?
Hibernate: insert into project_users (project_id,user_id) values (?,?)
Hibernate: insert into project_users (project_id,user_id) values (?,?)
Hibernate: select u1_0.id,u1_0.age,u1_0.email,u1_0.gender,u1_0.first_name,u1_0.password,u1_0.phone_number,u1_0.is_super,u1_0.last_name from users u1_0
Hibernate: select p1_0.id,p1_0.user_id,p1_0.description,p1_0.ebd_date,p1_0.name,p1_0.start_date from projects p1_0
[Test worker] INFO  o.s.o.j.LocalContainerEntityManagerFactoryBean - Closing JPA EntityManagerFactory for persistence unit 'default'
[Test worker] INFO  com.zaxxer.hikari.HikariDataSource - HikariPool-5 - Shutdown initiated...
[Test worker] INFO  com.zaxxer.hikari.HikariDataSource - HikariPool-5 - Shutdown completed.

  .   ____          _            __ _ _
 /\\ / ___'_ __ _ _(_)_ __  __ _ \ \ \ \
( ( )\___ | '_ | '_| | '_ \/ _` | \ \ \ \
 \\/  ___)| |_)| | | | | || (_| |  ) ) ) )
  '  |____| .__|_| |_|_| |_\__, | / / / /
 =========|_|==============|___/=/_/_/_/
 :: Spring Boot ::                (v3.1.2)

[Test worker] INFO  p.z.p.i.r.j.ProjectJpaRepositoryTest - Starting ProjectJpaRepositoryTest using Java 17.0.8 with PID 146590 (started by alien125 in /home/alien125/java_projects/project_manager)
[Test worker] INFO  p.z.p.i.r.j.ProjectJpaRepositoryTest - No active profile set, falling back to 1 default profile: "default"
[Test worker] INFO  o.s.d.r.c.RepositoryConfigurationDelegate - Bootstrapping Spring Data JPA repositories in DEFAULT mode.
[Test worker] INFO  o.s.d.r.c.RepositoryConfigurationDelegate - Finished Spring Data repository scanning in 10 ms. Found 3 JPA repository interfaces.
[Test worker] INFO  ]]>&#x1f433;<![CDATA[ [postgres:15.0] - Creating container for image: postgres:15.0
[Test worker] INFO  ]]>&#x1f433;<![CDATA[ [postgres:15.0] - Container postgres:15.0 is starting: 67e53c429a0b6207964d659849cbb8b3d460a5e397b1419c9cb7d48d02fd14b9
[Test worker] INFO  ]]>&#x1f433;<![CDATA[ [postgres:15.0] - Container postgres:15.0 started in PT2.163942605S
[Test worker] INFO  com.zaxxer.hikari.HikariDataSource - HikariPool-6 - Starting...
[Test worker] INFO  com.zaxxer.hikari.pool.HikariPool - HikariPool-6 - Added connection org.postgresql.jdbc.PgConnection@35dc8527
[Test worker] INFO  com.zaxxer.hikari.HikariDataSource - HikariPool-6 - Start completed.
[Test worker] INFO  o.f.c.i.d.base.BaseDatabaseType - Database: jdbc:postgresql://localhost:33052/test (PostgreSQL 15.0)
[Test worker] INFO  o.f.c.i.s.JdbcTableSchemaHistory - Schema history table "public"."flyway_schema_history" does not exist yet
[Test worker] INFO  o.f.core.internal.command.DbValidate - Successfully validated 0 migrations (execution time 00:00.002s)
[Test worker] WARN  o.f.core.internal.command.DbValidate - No migrations found. Are your locations set up correctly?
[Test worker] INFO  o.f.c.i.s.JdbcTableSchemaHistory - Creating Schema History table "public"."flyway_schema_history" ...
[Test worker] INFO  o.f.core.internal.command.DbMigrate - Current version of schema "public": << Empty Schema >>
[Test worker] INFO  o.f.core.internal.command.DbMigrate - Schema "public" is up to date. No migration necessary.
[Test worker] INFO  o.h.jpa.internal.util.LogHelper - HHH000204: Processing PersistenceUnitInfo [name: default]
[Test worker] INFO  o.h.b.i.BytecodeProviderInitiator - HHH000021: Bytecode provider name : bytebuddy
[Test worker] INFO  o.s.o.j.p.SpringPersistenceUnitInfo - No LoadTimeWeaver setup: ignoring JPA class transformer
[Test worker] INFO  o.h.b.i.BytecodeProviderInitiator - HHH000021: Bytecode provider name : bytebuddy
[Test worker] INFO  o.h.e.t.j.p.i.JtaPlatformInitiator - HHH000490: Using JtaPlatform implementation: [org.hibernate.engine.transaction.jta.platform.internal.NoJtaPlatform]
Hibernate: create table project_comments (id serial not null, comment varchar(255), timestamp integer, user_id integer, project_id integer, primary key (id))
Hibernate: create table project_users (project_id integer not null, user_id integer not null)
Hibernate: create table projects (id serial not null, description varchar(255), ebd_date integer, name varchar(255), start_date integer, user_id integer, primary key (id))
Hibernate: create table users (id serial not null, age integer not null, email varchar(255) not null, gender varchar(255), first_name varchar(255) not null, password varchar(255) not null, phone_number varchar(255) not null, is_super boolean not null, last_name varchar(255) not null, primary key (id))
Hibernate: alter table if exists users drop constraint if exists UK_6dotkott2kjsp8vw4d0m25fb7
[Test worker] WARN  o.h.e.jdbc.spi.SqlExceptionHelper - SQL Warning Code: 0, SQLState: 00000
[Test worker] WARN  o.h.e.jdbc.spi.SqlExceptionHelper - constraint "uk_6dotkott2kjsp8vw4d0m25fb7" of relation "users" does not exist, skipping
Hibernate: alter table if exists users add constraint UK_6dotkott2kjsp8vw4d0m25fb7 unique (email)
Hibernate: alter table if exists project_comments add constraint FKhfovv2g0k4e98sp5g8mqwg9pg foreign key (user_id) references users
Hibernate: alter table if exists project_comments add constraint FKfsk4ll3g13rwc631iwek1vmj5 foreign key (project_id) references projects
Hibernate: alter table if exists project_users add constraint FK8w55cu3qmg4yo0vy0b8e3ivk4 foreign key (user_id) references users
Hibernate: alter table if exists project_users add constraint FKn2d9w5xxgord5j4k2963p8o1g foreign key (project_id) references projects
Hibernate: alter table if exists projects add constraint FKhswfwa3ga88vxv1pmboss6jhm foreign key (user_id) references users
[Test worker] INFO  o.s.o.j.LocalContainerEntityManagerFactoryBean - Initialized JPA EntityManagerFactory for persistence unit 'default'
[Test worker] INFO  p.z.p.i.r.j.ProjectJpaRepositoryTest - Started ProjectJpaRepositoryTest in 2.442 seconds (process running for 29.574)
Hibernate: select u1_0.id,u1_0.age,u1_0.email,u1_0.gender,u1_0.first_name,u1_0.password,u1_0.phone_number,u1_0.is_super,u1_0.last_name from users u1_0 where u1_0.id=?
Hibernate: insert into users (age,email,gender,first_name,password,phone_number,is_super,last_name) values (?,?,?,?,?,?,?,?)
Hibernate: select u1_0.id,u1_0.age,u1_0.email,u1_0.gender,u1_0.first_name,u1_0.password,u1_0.phone_number,u1_0.is_super,u1_0.last_name from users u1_0 where u1_0.id=?
Hibernate: insert into users (age,email,gender,first_name,password,phone_number,is_super,last_name) values (?,?,?,?,?,?,?,?)
Hibernate: select u1_0.id,u1_0.age,u1_0.email,u1_0.gender,u1_0.first_name,u1_0.password,u1_0.phone_number,u1_0.is_super,u1_0.last_name from users u1_0 where u1_0.id=?
Hibernate: insert into users (age,email,gender,first_name,password,phone_number,is_super,last_name) values (?,?,?,?,?,?,?,?)
Hibernate: select u1_0.id,u1_0.age,u1_0.email,u1_0.gender,u1_0.first_name,u1_0.password,u1_0.phone_number,u1_0.is_super,u1_0.last_name from users u1_0
Hibernate: select p1_0.id,p1_0.user_id,p1_0.description,p1_0.ebd_date,p1_0.name,p1_0.start_date from projects p1_0 where p1_0.id=?
Hibernate: insert into projects (user_id,description,ebd_date,name,start_date) values (?,?,?,?,?)
Hibernate: insert into project_users (project_id,user_id) values (?,?)
Hibernate: insert into project_users (project_id,user_id) values (?,?)
Hibernate: select u1_0.id,u1_0.age,u1_0.email,u1_0.gender,u1_0.first_name,u1_0.password,u1_0.phone_number,u1_0.is_super,u1_0.last_name from users u1_0
Hibernate: delete from project_users where project_id=?
Hibernate: delete from projects where id=?
Hibernate: delete from users where id=?
Hibernate: delete from users where id=?
Hibernate: delete from users where id=?
Hibernate: select p1_0.id,p1_0.user_id,p1_0.description,p1_0.ebd_date,p1_0.name,p1_0.start_date from projects p1_0
[Test worker] INFO  o.s.o.j.LocalContainerEntityManagerFactoryBean - Closing JPA EntityManagerFactory for persistence unit 'default'
[Test worker] INFO  com.zaxxer.hikari.HikariDataSource - HikariPool-6 - Shutdown initiated...
[Test worker] INFO  com.zaxxer.hikari.HikariDataSource - HikariPool-6 - Shutdown completed.

  .   ____          _            __ _ _
 /\\ / ___'_ __ _ _(_)_ __  __ _ \ \ \ \
( ( )\___ | '_ | '_| | '_ \/ _` | \ \ \ \
 \\/  ___)| |_)| | | | | || (_| |  ) ) ) )
  '  |____| .__|_| |_|_| |_\__, | / / / /
 =========|_|==============|___/=/_/_/_/
 :: Spring Boot ::                (v3.1.2)

[Test worker] INFO  p.z.p.i.r.j.ProjectJpaRepositoryTest - Starting ProjectJpaRepositoryTest using Java 17.0.8 with PID 146590 (started by alien125 in /home/alien125/java_projects/project_manager)
[Test worker] INFO  p.z.p.i.r.j.ProjectJpaRepositoryTest - No active profile set, falling back to 1 default profile: "default"
[Test worker] INFO  o.s.d.r.c.RepositoryConfigurationDelegate - Bootstrapping Spring Data JPA repositories in DEFAULT mode.
[Test worker] INFO  o.s.d.r.c.RepositoryConfigurationDelegate - Finished Spring Data repository scanning in 10 ms. Found 3 JPA repository interfaces.
[Test worker] INFO  ]]>&#x1f433;<![CDATA[ [postgres:15.0] - Creating container for image: postgres:15.0
[Test worker] INFO  ]]>&#x1f433;<![CDATA[ [postgres:15.0] - Container postgres:15.0 is starting: d17319f1159313213d56e75a222d25ada2eff040607d4e6b6ad48193f15ab57b
[Test worker] INFO  ]]>&#x1f433;<![CDATA[ [postgres:15.0] - Container postgres:15.0 started in PT2.018177045S
[Test worker] INFO  com.zaxxer.hikari.HikariDataSource - HikariPool-7 - Starting...
[Test worker] INFO  com.zaxxer.hikari.pool.HikariPool - HikariPool-7 - Added connection org.postgresql.jdbc.PgConnection@578dbfa0
[Test worker] INFO  com.zaxxer.hikari.HikariDataSource - HikariPool-7 - Start completed.
[Test worker] INFO  o.f.c.i.d.base.BaseDatabaseType - Database: jdbc:postgresql://localhost:33053/test (PostgreSQL 15.0)
[Test worker] INFO  o.f.c.i.s.JdbcTableSchemaHistory - Schema history table "public"."flyway_schema_history" does not exist yet
[Test worker] INFO  o.f.core.internal.command.DbValidate - Successfully validated 0 migrations (execution time 00:00.002s)
[Test worker] WARN  o.f.core.internal.command.DbValidate - No migrations found. Are your locations set up correctly?
[Test worker] INFO  o.f.c.i.s.JdbcTableSchemaHistory - Creating Schema History table "public"."flyway_schema_history" ...
[Test worker] INFO  o.f.core.internal.command.DbMigrate - Current version of schema "public": << Empty Schema >>
[Test worker] INFO  o.f.core.internal.command.DbMigrate - Schema "public" is up to date. No migration necessary.
[Test worker] INFO  o.h.jpa.internal.util.LogHelper - HHH000204: Processing PersistenceUnitInfo [name: default]
[Test worker] INFO  o.h.b.i.BytecodeProviderInitiator - HHH000021: Bytecode provider name : bytebuddy
[Test worker] INFO  o.s.o.j.p.SpringPersistenceUnitInfo - No LoadTimeWeaver setup: ignoring JPA class transformer
[Test worker] INFO  o.h.b.i.BytecodeProviderInitiator - HHH000021: Bytecode provider name : bytebuddy
[Test worker] INFO  o.h.e.t.j.p.i.JtaPlatformInitiator - HHH000490: Using JtaPlatform implementation: [org.hibernate.engine.transaction.jta.platform.internal.NoJtaPlatform]
Hibernate: create table project_comments (id serial not null, comment varchar(255), timestamp integer, user_id integer, project_id integer, primary key (id))
Hibernate: create table project_users (project_id integer not null, user_id integer not null)
Hibernate: create table projects (id serial not null, description varchar(255), ebd_date integer, name varchar(255), start_date integer, user_id integer, primary key (id))
Hibernate: create table users (id serial not null, age integer not null, email varchar(255) not null, gender varchar(255), first_name varchar(255) not null, password varchar(255) not null, phone_number varchar(255) not null, is_super boolean not null, last_name varchar(255) not null, primary key (id))
Hibernate: alter table if exists users drop constraint if exists UK_6dotkott2kjsp8vw4d0m25fb7
[Test worker] WARN  o.h.e.jdbc.spi.SqlExceptionHelper - SQL Warning Code: 0, SQLState: 00000
[Test worker] WARN  o.h.e.jdbc.spi.SqlExceptionHelper - constraint "uk_6dotkott2kjsp8vw4d0m25fb7" of relation "users" does not exist, skipping
Hibernate: alter table if exists users add constraint UK_6dotkott2kjsp8vw4d0m25fb7 unique (email)
Hibernate: alter table if exists project_comments add constraint FKhfovv2g0k4e98sp5g8mqwg9pg foreign key (user_id) references users
Hibernate: alter table if exists project_comments add constraint FKfsk4ll3g13rwc631iwek1vmj5 foreign key (project_id) references projects
Hibernate: alter table if exists project_users add constraint FK8w55cu3qmg4yo0vy0b8e3ivk4 foreign key (user_id) references users
Hibernate: alter table if exists project_users add constraint FKn2d9w5xxgord5j4k2963p8o1g foreign key (project_id) references projects
Hibernate: alter table if exists projects add constraint FKhswfwa3ga88vxv1pmboss6jhm foreign key (user_id) references users
[Test worker] INFO  o.s.o.j.LocalContainerEntityManagerFactoryBean - Initialized JPA EntityManagerFactory for persistence unit 'default'
[Test worker] INFO  p.z.p.i.r.j.ProjectJpaRepositoryTest - Started ProjectJpaRepositoryTest in 2.313 seconds (process running for 32.514)
Hibernate: select u1_0.id,u1_0.age,u1_0.email,u1_0.gender,u1_0.first_name,u1_0.password,u1_0.phone_number,u1_0.is_super,u1_0.last_name from users u1_0 where u1_0.id=?
Hibernate: insert into users (age,email,gender,first_name,password,phone_number,is_super,last_name) values (?,?,?,?,?,?,?,?)
Hibernate: select u1_0.id,u1_0.age,u1_0.email,u1_0.gender,u1_0.first_name,u1_0.password,u1_0.phone_number,u1_0.is_super,u1_0.last_name from users u1_0 where u1_0.id=?
Hibernate: insert into users (age,email,gender,first_name,password,phone_number,is_super,last_name) values (?,?,?,?,?,?,?,?)
Hibernate: select u1_0.id,u1_0.age,u1_0.email,u1_0.gender,u1_0.first_name,u1_0.password,u1_0.phone_number,u1_0.is_super,u1_0.last_name from users u1_0 where u1_0.id=?
Hibernate: insert into users (age,email,gender,first_name,password,phone_number,is_super,last_name) values (?,?,?,?,?,?,?,?)
Hibernate: select u1_0.id,u1_0.age,u1_0.email,u1_0.gender,u1_0.first_name,u1_0.password,u1_0.phone_number,u1_0.is_super,u1_0.last_name from users u1_0
Hibernate: select p1_0.id,p1_0.user_id,p1_0.description,p1_0.ebd_date,p1_0.name,p1_0.start_date from projects p1_0 where p1_0.id=?
Hibernate: insert into projects (user_id,description,ebd_date,name,start_date) values (?,?,?,?,?)
Hibernate: select p1_0.id,p1_0.user_id,p1_0.description,p1_0.ebd_date,p1_0.name,p1_0.start_date from projects p1_0 where p1_0.id=?
Hibernate: insert into projects (user_id,description,ebd_date,name,start_date) values (?,?,?,?,?)
Hibernate: select p1_0.id,p1_0.user_id,p1_0.description,p1_0.ebd_date,p1_0.name,p1_0.start_date from projects p1_0 where p1_0.id=?
Hibernate: insert into projects (user_id,description,ebd_date,name,start_date) values (?,?,?,?,?)
Hibernate: insert into project_users (project_id,user_id) values (?,?)
Hibernate: insert into project_users (project_id,user_id) values (?,?)
Hibernate: insert into project_users (project_id,user_id) values (?,?)
Hibernate: insert into project_users (project_id,user_id) values (?,?)
Hibernate: insert into project_users (project_id,user_id) values (?,?)
Hibernate: insert into project_users (project_id,user_id) values (?,?)
Hibernate: select p1_0.id,p1_0.user_id,p1_0.description,p1_0.ebd_date,p1_0.name,p1_0.start_date from projects p1_0
Hibernate: select u1_0.id,u1_0.age,u1_0.email,u1_0.gender,u1_0.first_name,u1_0.password,u1_0.phone_number,u1_0.is_super,u1_0.last_name from users u1_0
Hibernate: select p1_0.id,p1_0.user_id,p1_0.description,p1_0.ebd_date,p1_0.name,p1_0.start_date from projects p1_0
[Test worker] INFO  o.s.o.j.LocalContainerEntityManagerFactoryBean - Closing JPA EntityManagerFactory for persistence unit 'default'
[Test worker] INFO  com.zaxxer.hikari.HikariDataSource - HikariPool-7 - Shutdown initiated...
[Test worker] INFO  com.zaxxer.hikari.HikariDataSource - HikariPool-7 - Shutdown completed.
]]></system-out>
  <system-err><![CDATA[]]></system-err>
</testsuite>
